<html>
<body>
<pre>
<h1>Vision Build Log</h1>
<h2>Project:</h2>
G:\Users\YY\Desktop\毕设\手写识别 - 副本 (2)\handwrite\MDK\LCD_1768_3.2.uvproj
Project File Date:  05/08/2017

<h2>Output:</h2>
Build target 'Target 1'
compiling recognize.c...
..\Source\User\recognize.c(276): warning:  #550-D: variable "min" was set but never used
..\Source\User\recognize.c(276): warning:  #550-D: variable "max" was set but never used
..\Source\User\recognize.c(277): warning:  #177-D: variable "newArr" was declared but never referenced
..\Source\User\recognize.c(314): warning:  #177-D: variable "number" was declared but never referenced
..\Source\User\recognize.c(314): warning:  #550-D: variable "x23" was set but never used
..\Source\User\recognize.c(314): warning:  #550-D: variable "y23" was set but never used
..\Source\User\recognize.c(314): warning:  #177-D: variable "x23count" was declared but never referenced
..\Source\User\recognize.c(314): warning:  #177-D: variable "y23count" was declared but never referenced
..\Source\User\recognize.c(316): warning:  #177-D: variable "coordinateX" was declared but never referenced
compiling RecognizeCode.c...
..\Source\User\RecognizeCode.c(16): error:  #20: identifier "point" is undefined
..\Source\User\RecognizeCode.c(17): warning:  #223-D: function "minArr" declared implicitly
..\Source\User\RecognizeCode.c(17): error:  #20: identifier "x" is undefined
..\Source\User\RecognizeCode.c(18): warning:  #223-D: function "maxArr" declared implicitly
..\Source\User\RecognizeCode.c(19): error:  #20: identifier "y" is undefined
..\Source\User\RecognizeCode.c(41): warning:  #223-D: function "printf" declared implicitly
..\Source\User\RecognizeCode.c(12): warning:  #177-D: variable "number" was declared but never referenced
..\Source\User\RecognizeCode.c(12): warning:  #550-D: variable "x23" was set but never used
..\Source\User\RecognizeCode.c(12): warning:  #550-D: variable "y23" was set but never used
..\Source\User\RecognizeCode.c(12): warning:  #177-D: variable "x23count" was declared but never referenced
..\Source\User\RecognizeCode.c(12): warning:  #177-D: variable "y23count" was declared but never referenced
..\Source\User\RecognizeCode.c(14): warning:  #177-D: variable "coordinateX" was declared but never referenced
Target not created
Build target 'Target 1'
compiling recognize.c...
..\Source\User\RecognizeCode.h(3): warning:  #1-D: last line of file ends without a newline
..\Source\User\recognize.c(276): warning:  #550-D: variable "min" was set but never used
..\Source\User\recognize.c(276): warning:  #550-D: variable "max" was set but never used
..\Source\User\recognize.c(277): warning:  #177-D: variable "newArr" was declared but never referenced
..\Source\User\recognize.c(314): warning:  #177-D: variable "number" was declared but never referenced
..\Source\User\recognize.c(314): warning:  #550-D: variable "x23" was set but never used
..\Source\User\recognize.c(314): warning:  #550-D: variable "y23" was set but never used
..\Source\User\recognize.c(314): warning:  #177-D: variable "x23count" was declared but never referenced
..\Source\User\recognize.c(314): warning:  #177-D: variable "y23count" was declared but never referenced
..\Source\User\recognize.c(316): warning:  #177-D: variable "coordinateX" was declared but never referenced
compiling RecognizeCode.c...
..\Source\User\RecognizeCode.h(3): warning:  #1-D: last line of file ends without a newline
..\Source\User\RecognizeCode.c(16): error:  #20: identifier "point" is undefined
..\Source\User\RecognizeCode.c(17): warning:  #223-D: function "minArr" declared implicitly
..\Source\User\RecognizeCode.c(17): error:  #20: identifier "x" is undefined
..\Source\User\RecognizeCode.c(18): warning:  #223-D: function "maxArr" declared implicitly
..\Source\User\RecognizeCode.c(19): error:  #20: identifier "y" is undefined
..\Source\User\RecognizeCode.c(41): warning:  #223-D: function "printf" declared implicitly
..\Source\User\RecognizeCode.c(12): warning:  #177-D: variable "number" was declared but never referenced
..\Source\User\RecognizeCode.c(12): warning:  #550-D: variable "x23" was set but never used
..\Source\User\RecognizeCode.c(12): warning:  #550-D: variable "y23" was set but never used
..\Source\User\RecognizeCode.c(12): warning:  #177-D: variable "x23count" was declared but never referenced
..\Source\User\RecognizeCode.c(12): warning:  #177-D: variable "y23count" was declared but never referenced
..\Source\User\RecognizeCode.c(14): warning:  #177-D: variable "coordinateX" was declared but never referenced
Target not created
Build target 'Target 1'
compiling RecognizeCode.c...
..\Source\User\RecognizeCode.h(3): warning:  #1-D: last line of file ends without a newline
..\Source\User\RecognizeCode.c(26): error:  #20: identifier "point" is undefined
..\Source\User\RecognizeCode.c(27): warning:  #223-D: function "minArr" declared implicitly
..\Source\User\RecognizeCode.c(27): error:  #20: identifier "x" is undefined
..\Source\User\RecognizeCode.c(28): warning:  #223-D: function "maxArr" declared implicitly
..\Source\User\RecognizeCode.c(29): error:  #20: identifier "y" is undefined
..\Source\User\RecognizeCode.c(22): warning:  #177-D: variable "number" was declared but never referenced
..\Source\User\RecognizeCode.c(22): warning:  #550-D: variable "x23" was set but never used
..\Source\User\RecognizeCode.c(22): warning:  #550-D: variable "y23" was set but never used
..\Source\User\RecognizeCode.c(22): warning:  #177-D: variable "x23count" was declared but never referenced
..\Source\User\RecognizeCode.c(22): warning:  #177-D: variable "y23count" was declared but never referenced
..\Source\User\RecognizeCode.c(24): warning:  #177-D: variable "coordinateX" was declared but never referenced
Target not created
Build target 'Target 1'
compiling recognize.c...
..\Source\User\RecognizeCode.h(3): warning:  #1-D: last line of file ends without a newline
..\Source\User\recognize.c(276): warning:  #550-D: variable "min" was set but never used
..\Source\User\recognize.c(276): warning:  #550-D: variable "max" was set but never used
..\Source\User\recognize.c(277): warning:  #177-D: variable "newArr" was declared but never referenced
..\Source\User\recognize.c(314): warning:  #177-D: variable "number" was declared but never referenced
..\Source\User\recognize.c(314): warning:  #550-D: variable "x23" was set but never used
..\Source\User\recognize.c(314): warning:  #550-D: variable "y23" was set but never used
..\Source\User\recognize.c(314): warning:  #177-D: variable "x23count" was declared but never referenced
..\Source\User\recognize.c(314): warning:  #177-D: variable "y23count" was declared but never referenced
..\Source\User\recognize.c(316): warning:  #177-D: variable "coordinateX" was declared but never referenced
compiling RecognizeCode.c...
..\Source\User\RecognizeCode.h(3): warning:  #1-D: last line of file ends without a newline
..\Source\User\RecognizeCode.c(26): error:  #20: identifier "point" is undefined
..\Source\User\RecognizeCode.c(27): warning:  #223-D: function "minArr" declared implicitly
..\Source\User\RecognizeCode.c(27): error:  #20: identifier "x" is undefined
..\Source\User\RecognizeCode.c(28): warning:  #223-D: function "maxArr" declared implicitly
..\Source\User\RecognizeCode.c(29): error:  #20: identifier "y" is undefined
..\Source\User\RecognizeCode.c(22): warning:  #177-D: variable "number" was declared but never referenced
..\Source\User\RecognizeCode.c(22): warning:  #550-D: variable "x23" was set but never used
..\Source\User\RecognizeCode.c(22): warning:  #550-D: variable "y23" was set but never used
..\Source\User\RecognizeCode.c(22): warning:  #177-D: variable "x23count" was declared but never referenced
..\Source\User\RecognizeCode.c(22): warning:  #177-D: variable "y23count" was declared but never referenced
..\Source\User\RecognizeCode.c(24): warning:  #177-D: variable "coordinateX" was declared but never referenced
Target not created
Build target 'Target 1'
compiling main.c...
compiling recognize.c...
..\Source\User\RecognizeCode.h(3): warning:  #1-D: last line of file ends without a newline
..\Source\User\recognize.c(276): warning:  #550-D: variable "min" was set but never used
..\Source\User\recognize.c(276): warning:  #550-D: variable "max" was set but never used
..\Source\User\recognize.c(277): warning:  #177-D: variable "newArr" was declared but never referenced
..\Source\User\recognize.c(314): warning:  #177-D: variable "number" was declared but never referenced
..\Source\User\recognize.c(314): warning:  #550-D: variable "x23" was set but never used
..\Source\User\recognize.c(314): warning:  #550-D: variable "y23" was set but never used
..\Source\User\recognize.c(314): warning:  #177-D: variable "x23count" was declared but never referenced
..\Source\User\recognize.c(314): warning:  #177-D: variable "y23count" was declared but never referenced
..\Source\User\recognize.c(316): warning:  #177-D: variable "coordinateX" was declared but never referenced
compiling RecognizeCode.c...
..\Source\User\RecognizeCode.h(3): warning:  #1-D: last line of file ends without a newline
..\Source\User\RecognizeCode.c(26): error:  #20: identifier "point" is undefined
..\Source\User\RecognizeCode.c(27): error:  #20: identifier "x" is undefined
..\Source\User\RecognizeCode.c(28): warning:  #223-D: function "maxArr" declared implicitly
..\Source\User\RecognizeCode.c(29): error:  #20: identifier "y" is undefined
..\Source\User\RecognizeCode.c(22): warning:  #177-D: variable "number" was declared but never referenced
..\Source\User\RecognizeCode.c(22): warning:  #550-D: variable "x23" was set but never used
..\Source\User\RecognizeCode.c(22): warning:  #550-D: variable "y23" was set but never used
..\Source\User\RecognizeCode.c(22): warning:  #177-D: variable "x23count" was declared but never referenced
..\Source\User\RecognizeCode.c(22): warning:  #177-D: variable "y23count" was declared but never referenced
..\Source\User\RecognizeCode.c(24): warning:  #177-D: variable "coordinateX" was declared but never referenced
Target not created
Build target 'Target 1'
compiling main.c...
compiling recognize.c...
..\Source\User\RecognizeCode.h(3): warning:  #1-D: last line of file ends without a newline
..\Source\User\recognize.c(276): warning:  #550-D: variable "min" was set but never used
..\Source\User\recognize.c(276): warning:  #550-D: variable "max" was set but never used
..\Source\User\recognize.c(277): warning:  #177-D: variable "newArr" was declared but never referenced
..\Source\User\recognize.c(314): warning:  #177-D: variable "number" was declared but never referenced
..\Source\User\recognize.c(314): warning:  #550-D: variable "x23" was set but never used
..\Source\User\recognize.c(314): warning:  #550-D: variable "y23" was set but never used
..\Source\User\recognize.c(314): warning:  #177-D: variable "x23count" was declared but never referenced
..\Source\User\recognize.c(314): warning:  #177-D: variable "y23count" was declared but never referenced
..\Source\User\recognize.c(316): warning:  #177-D: variable "coordinateX" was declared but never referenced
compiling RecognizeCode.c...
..\Source\User\RecognizeCode.h(3): warning:  #1-D: last line of file ends without a newline
..\Source\User\RecognizeCode.c(26): error:  #20: identifier "point" is undefined
..\Source\User\RecognizeCode.c(27): error:  #20: identifier "x" is undefined
..\Source\User\RecognizeCode.c(29): error:  #20: identifier "y" is undefined
..\Source\User\RecognizeCode.c(22): warning:  #177-D: variable "number" was declared but never referenced
..\Source\User\RecognizeCode.c(22): warning:  #550-D: variable "x23" was set but never used
..\Source\User\RecognizeCode.c(22): warning:  #550-D: variable "y23" was set but never used
..\Source\User\RecognizeCode.c(22): warning:  #177-D: variable "x23count" was declared but never referenced
..\Source\User\RecognizeCode.c(22): warning:  #177-D: variable "y23count" was declared but never referenced
..\Source\User\RecognizeCode.c(24): warning:  #177-D: variable "coordinateX" was declared but never referenced
Target not created
Build target 'Target 1'
compiling RecognizeCode.c...
..\Source\User\RecognizeCode.h(3): warning:  #1-D: last line of file ends without a newline
..\Source\User\RecognizeCode.c(21): error:  #147-D: declaration is incompatible with "int getNum(void)" (declared at line 3 of "..\Source\User\RecognizeCode.h")
..\Source\User\RecognizeCode.c(26): error:  #20: identifier "point" is undefined
..\Source\User\RecognizeCode.c(22): warning:  #177-D: variable "number" was declared but never referenced
..\Source\User\RecognizeCode.c(22): warning:  #550-D: variable "x23" was set but never used
..\Source\User\RecognizeCode.c(22): warning:  #550-D: variable "y23" was set but never used
..\Source\User\RecognizeCode.c(22): warning:  #177-D: variable "x23count" was declared but never referenced
..\Source\User\RecognizeCode.c(22): warning:  #177-D: variable "y23count" was declared but never referenced
..\Source\User\RecognizeCode.c(24): warning:  #177-D: variable "coordinateX" was declared but never referenced
Target not created
Build target 'Target 1'
compiling RecognizeCode.c...
..\Source\User\RecognizeCode.h(3): warning:  #1-D: last line of file ends without a newline
..\Source\User\RecognizeCode.c(21): error:  #147-D: declaration is incompatible with "int getNum(void)" (declared at line 3 of "..\Source\User\RecognizeCode.h")
..\Source\User\RecognizeCode.c(22): warning:  #177-D: variable "number" was declared but never referenced
..\Source\User\RecognizeCode.c(22): warning:  #550-D: variable "x23" was set but never used
..\Source\User\RecognizeCode.c(22): warning:  #550-D: variable "y23" was set but never used
..\Source\User\RecognizeCode.c(22): warning:  #177-D: variable "x23count" was declared but never referenced
..\Source\User\RecognizeCode.c(22): warning:  #177-D: variable "y23count" was declared but never referenced
..\Source\User\RecognizeCode.c(24): warning:  #177-D: variable "coordinateX" was declared but never referenced
Target not created
Build target 'Target 1'
compiling recognize.c...
..\Source\User\recognize.c(276): warning:  #550-D: variable "min" was set but never used
..\Source\User\recognize.c(276): warning:  #550-D: variable "max" was set but never used
..\Source\User\recognize.c(277): warning:  #177-D: variable "newArr" was declared but never referenced
..\Source\User\recognize.c(314): warning:  #177-D: variable "number" was declared but never referenced
..\Source\User\recognize.c(314): warning:  #550-D: variable "x23" was set but never used
..\Source\User\recognize.c(314): warning:  #550-D: variable "y23" was set but never used
..\Source\User\recognize.c(314): warning:  #177-D: variable "x23count" was declared but never referenced
..\Source\User\recognize.c(314): warning:  #177-D: variable "y23count" was declared but never referenced
..\Source\User\recognize.c(316): warning:  #177-D: variable "coordinateX" was declared but never referenced
compiling RecognizeCode.c...
..\Source\User\RecognizeCode.c(21): error:  #147-D: declaration is incompatible with "int getNum(void)" (declared at line 3 of "..\Source\User\RecognizeCode.h")
..\Source\User\RecognizeCode.c(22): warning:  #177-D: variable "number" was declared but never referenced
..\Source\User\RecognizeCode.c(22): warning:  #550-D: variable "x23" was set but never used
..\Source\User\RecognizeCode.c(22): warning:  #550-D: variable "y23" was set but never used
..\Source\User\RecognizeCode.c(22): warning:  #177-D: variable "x23count" was declared but never referenced
..\Source\User\RecognizeCode.c(22): warning:  #177-D: variable "y23count" was declared but never referenced
..\Source\User\RecognizeCode.c(24): warning:  #177-D: variable "coordinateX" was declared but never referenced
Target not created
Build target 'Target 1'
compiling recognize.c...
..\Source\User\recognize.c(276): warning:  #550-D: variable "min" was set but never used
..\Source\User\recognize.c(276): warning:  #550-D: variable "max" was set but never used
..\Source\User\recognize.c(277): warning:  #177-D: variable "newArr" was declared but never referenced
..\Source\User\recognize.c(314): warning:  #177-D: variable "number" was declared but never referenced
..\Source\User\recognize.c(314): warning:  #550-D: variable "x23" was set but never used
..\Source\User\recognize.c(314): warning:  #550-D: variable "y23" was set but never used
..\Source\User\recognize.c(314): warning:  #177-D: variable "x23count" was declared but never referenced
..\Source\User\recognize.c(314): warning:  #177-D: variable "y23count" was declared but never referenced
..\Source\User\recognize.c(316): warning:  #177-D: variable "coordinateX" was declared but never referenced
..\Source\User\recognize.c(533): error:  #165: too few arguments in function call
compiling RecognizeCode.c...
..\Source\User\RecognizeCode.c(22): warning:  #177-D: variable "number" was declared but never referenced
..\Source\User\RecognizeCode.c(22): warning:  #550-D: variable "x23" was set but never used
..\Source\User\RecognizeCode.c(22): warning:  #550-D: variable "y23" was set but never used
..\Source\User\RecognizeCode.c(22): warning:  #177-D: variable "x23count" was declared but never referenced
..\Source\User\RecognizeCode.c(22): warning:  #177-D: variable "y23count" was declared but never referenced
..\Source\User\RecognizeCode.c(24): warning:  #177-D: variable "coordinateX" was declared but never referenced
Target not created
Build target 'Target 1'
compiling recognize.c...
..\Source\User\recognize.c(276): warning:  #550-D: variable "min" was set but never used
..\Source\User\recognize.c(276): warning:  #550-D: variable "max" was set but never used
..\Source\User\recognize.c(277): warning:  #177-D: variable "newArr" was declared but never referenced
..\Source\User\recognize.c(314): warning:  #177-D: variable "number" was declared but never referenced
..\Source\User\recognize.c(314): warning:  #550-D: variable "x23" was set but never used
..\Source\User\recognize.c(314): warning:  #550-D: variable "y23" was set but never used
..\Source\User\recognize.c(314): warning:  #177-D: variable "x23count" was declared but never referenced
..\Source\User\recognize.c(314): warning:  #177-D: variable "y23count" was declared but never referenced
..\Source\User\recognize.c(316): warning:  #177-D: variable "coordinateX" was declared but never referenced
linking...
Program Size: Code=12328 RO-data=8264 RW-data=172 ZI-data=4412  
FromELF: creating hex file...
".\Obj\test.axf" - 0 Error(s), 9 Warning(s).
Build target 'Target 1'
compiling recognize.c...
linking...
Program Size: Code=12328 RO-data=8264 RW-data=172 ZI-data=4412  
FromELF: creating hex file...
".\Obj\test.axf" - 0 Error(s), 0 Warning(s).
Build target 'Target 1'
compiling recognize.c...
..\Source\User\RecognizeCode.h(4): warning:  #1-D: last line of file ends without a newline
..\Source\User\recognize.c(13): error:  #130: expected a "{"
..\Source\User\recognize.c(22): warning:  #12-D: parsing restarts here after previous syntax error
..\Source\User\recognize.c(23): warning:  #174-D: expression has no effect
..\Source\User\recognize.c(23): warning:  #174-D: expression has no effect
..\Source\User\recognize.c(23): warning:  #174-D: expression has no effect
..\Source\User\recognize.c(23): warning:  #174-D: expression has no effect
..\Source\User\recognize.c(23): warning:  #174-D: expression has no effect
..\Source\User\recognize.c(23): warning:  #174-D: expression has no effect
..\Source\User\recognize.c(23): warning:  #174-D: expression has no effect
..\Source\User\recognize.c(23): warning:  #174-D: expression has no effect
..\Source\User\recognize.c(23): warning:  #174-D: expression has no effect
..\Source\User\recognize.c(23): warning:  #174-D: expression has no effect
..\Source\User\recognize.c(33): error:  #65: expected a ";"
..\Source\User\recognize.c(33): warning:  #940-D: missing return statement at end of non-void function "getCharacter"
..\Source\User\recognize.c(206): error:  #20: identifier "point" is undefined
..\Source\User\recognize.c(220): error:  #20: identifier "point" is undefined
..\Source\User\recognize.c(222): error:  #20: identifier "x" is undefined
..\Source\User\recognize.c(222): error:  #20: identifier "y" is undefined
..\Source\User\recognize.c(230): error:  #20: identifier "x" is undefined
..\Source\User\recognize.c(231): error:  #20: identifier "y" is undefined
..\Source\User\recognize.c(291): error:  #20: identifier "key" is undefined
..\Source\User\recognize.c(317): error:  #20: identifier "point" is undefined
..\Source\User\recognize.c(319): error:  #20: identifier "x" is undefined
..\Source\User\recognize.c(319): error:  #20: identifier "y" is undefined
..\Source\User\recognize.c(354): error:  #20: identifier "start_x0" is undefined
..\Source\User\recognize.c(354): error:  #20: identifier "start_y0" is undefined
..\Source\User\recognize.c(354): error:  #20: identifier "rectangle_size" is undefined
compiling RecognizeCode.c...
..\Source\User\RecognizeCode.h(4): warning:  #1-D: last line of file ends without a newline
..\Source\User\RecognizeCode.c(21): error:  #130: expected a "{"
..\Source\User\RecognizeCode.c(22): warning:  #177-D: variable "number" was declared but never referenced
..\Source\User\RecognizeCode.c(22): warning:  #550-D: variable "x23" was set but never used
..\Source\User\RecognizeCode.c(22): warning:  #550-D: variable "y23" was set but never used
..\Source\User\RecognizeCode.c(22): warning:  #177-D: variable "x23count" was declared but never referenced
..\Source\User\RecognizeCode.c(22): warning:  #177-D: variable "y23count" was declared but never referenced
..\Source\User\RecognizeCode.c(24): warning:  #177-D: variable "coordinateX" was declared but never referenced
..\Source\User\RecognizeCode.c(151): error:  #247: function "getCharacter" has already been defined
..\Source\User\RecognizeCode.c(152): warning:  #177-D: variable "number" was declared but never referenced
..\Source\User\RecognizeCode.c(152): warning:  #550-D: variable "x23" was set but never used
..\Source\User\RecognizeCode.c(152): warning:  #550-D: variable "y23" was set but never used
..\Source\User\RecognizeCode.c(152): warning:  #177-D: variable "x23count" was declared but never referenced
..\Source\User\RecognizeCode.c(152): warning:  #177-D: variable "y23count" was declared but never referenced
..\Source\User\RecognizeCode.c(154): warning:  #177-D: variable "coordinateX" was declared but never referenced
Target not created
Build target 'Target 1'
compiling recognize.c...
..\Source\User\RecognizeCode.h(4): warning:  #1-D: last line of file ends without a newline
compiling RecognizeCode.c...
..\Source\User\RecognizeCode.h(4): warning:  #1-D: last line of file ends without a newline
..\Source\User\RecognizeCode.c(22): warning:  #177-D: variable "number" was declared but never referenced
..\Source\User\RecognizeCode.c(22): warning:  #550-D: variable "x23" was set but never used
..\Source\User\RecognizeCode.c(22): warning:  #550-D: variable "y23" was set but never used
..\Source\User\RecognizeCode.c(22): warning:  #177-D: variable "x23count" was declared but never referenced
..\Source\User\RecognizeCode.c(22): warning:  #177-D: variable "y23count" was declared but never referenced
..\Source\User\RecognizeCode.c(24): warning:  #177-D: variable "coordinateX" was declared but never referenced
..\Source\User\RecognizeCode.c(152): warning:  #177-D: variable "number" was declared but never referenced
..\Source\User\RecognizeCode.c(152): warning:  #550-D: variable "x23" was set but never used
..\Source\User\RecognizeCode.c(152): warning:  #550-D: variable "y23" was set but never used
..\Source\User\RecognizeCode.c(152): warning:  #177-D: variable "x23count" was declared but never referenced
..\Source\User\RecognizeCode.c(152): warning:  #177-D: variable "y23count" was declared but never referenced
..\Source\User\RecognizeCode.c(154): warning:  #177-D: variable "coordinateX" was declared but never referenced
linking...
Program Size: Code=12328 RO-data=8264 RW-data=172 ZI-data=4412  
FromELF: creating hex file...
".\Obj\test.axf" - 0 Error(s), 14 Warning(s).
Build target 'Target 1'
compiling RecognizeCode.c...
..\Source\User\RecognizeCode.h(4): warning:  #1-D: last line of file ends without a newline
..\Source\User\RecognizeCode.c(24): error:  #40: expected an identifier
..\Source\User\RecognizeCode.c(22): warning:  #177-D: variable "number" was declared but never referenced
..\Source\User\RecognizeCode.c(22): warning:  #550-D: variable "x23" was set but never used
..\Source\User\RecognizeCode.c(22): warning:  #550-D: variable "y23" was set but never used
..\Source\User\RecognizeCode.c(22): warning:  #177-D: variable "x23count" was declared but never referenced
..\Source\User\RecognizeCode.c(22): warning:  #177-D: variable "y23coun" was declared but never referenced
..\Source\User\RecognizeCode.c(152): warning:  #177-D: variable "number" was declared but never referenced
..\Source\User\RecognizeCode.c(152): warning:  #550-D: variable "x23" was set but never used
..\Source\User\RecognizeCode.c(152): warning:  #550-D: variable "y23" was set but never used
..\Source\User\RecognizeCode.c(152): warning:  #177-D: variable "x23count" was declared but never referenced
..\Source\User\RecognizeCode.c(152): warning:  #177-D: variable "y23count" was declared but never referenced
..\Source\User\RecognizeCode.c(153): warning:  #550-D: variable "x45" was set but never used
..\Source\User\RecognizeCode.c(153): warning:  #550-D: variable "y45" was set but never used
..\Source\User\RecognizeCode.c(153): warning:  #177-D: variable "x45count" was declared but never referenced
..\Source\User\RecognizeCode.c(153): warning:  #177-D: variable "y45count" was declared but never referenced
..\Source\User\RecognizeCode.c(153): warning:  #550-D: variable "y25" was set but never used
..\Source\User\RecognizeCode.c(153): warning:  #177-D: variable "y25count" was declared but never referenced
..\Source\User\RecognizeCode.c(154): warning:  #177-D: variable "coordinateX" was declared but never referenced
Target not created
Build target 'Target 1'
compiling RecognizeCode.c...
..\Source\User\RecognizeCode.h(4): warning:  #1-D: last line of file ends without a newline
..\Source\User\RecognizeCode.c(24): error:  #40: expected an identifier
..\Source\User\RecognizeCode.c(22): warning:  #177-D: variable "number" was declared but never referenced
..\Source\User\RecognizeCode.c(22): warning:  #550-D: variable "x23" was set but never used
..\Source\User\RecognizeCode.c(22): warning:  #550-D: variable "y23" was set but never used
..\Source\User\RecognizeCode.c(22): warning:  #177-D: variable "x23count" was declared but never referenced
..\Source\User\RecognizeCode.c(22): warning:  #177-D: variable "y23count" was declared but never referenced
..\Source\User\RecognizeCode.c(152): warning:  #177-D: variable "number" was declared but never referenced
..\Source\User\RecognizeCode.c(152): warning:  #550-D: variable "x23" was set but never used
..\Source\User\RecognizeCode.c(152): warning:  #550-D: variable "y23" was set but never used
..\Source\User\RecognizeCode.c(152): warning:  #177-D: variable "x23count" was declared but never referenced
..\Source\User\RecognizeCode.c(152): warning:  #177-D: variable "y23count" was declared but never referenced
..\Source\User\RecognizeCode.c(153): warning:  #550-D: variable "x45" was set but never used
..\Source\User\RecognizeCode.c(153): warning:  #550-D: variable "y45" was set but never used
..\Source\User\RecognizeCode.c(153): warning:  #177-D: variable "x45count" was declared but never referenced
..\Source\User\RecognizeCode.c(153): warning:  #177-D: variable "y45count" was declared but never referenced
..\Source\User\RecognizeCode.c(153): warning:  #550-D: variable "y25" was set but never used
..\Source\User\RecognizeCode.c(153): warning:  #177-D: variable "y25count" was declared but never referenced
..\Source\User\RecognizeCode.c(154): warning:  #177-D: variable "coordinateX" was declared but never referenced
Target not created
Build target 'Target 1'
compiling RecognizeCode.c...
..\Source\User\RecognizeCode.h(4): warning:  #1-D: last line of file ends without a newline
..\Source\User\RecognizeCode.c(24): error:  #40: expected an identifier
..\Source\User\RecognizeCode.c(22): warning:  #177-D: variable "number" was declared but never referenced
..\Source\User\RecognizeCode.c(22): warning:  #550-D: variable "x23" was set but never used
..\Source\User\RecognizeCode.c(22): warning:  #550-D: variable "y23" was set but never used
..\Source\User\RecognizeCode.c(22): warning:  #177-D: variable "x23count" was declared but never referenced
..\Source\User\RecognizeCode.c(22): warning:  #177-D: variable "y23count" was declared but never referenced
..\Source\User\RecognizeCode.c(152): warning:  #550-D: variable "x23" was set but never used
..\Source\User\RecognizeCode.c(152): warning:  #550-D: variable "y23" was set but never used
..\Source\User\RecognizeCode.c(152): warning:  #177-D: variable "x23count" was declared but never referenced
..\Source\User\RecognizeCode.c(152): warning:  #177-D: variable "y23count" was declared but never referenced
..\Source\User\RecognizeCode.c(153): warning:  #550-D: variable "x45" was set but never used
..\Source\User\RecognizeCode.c(153): warning:  #550-D: variable "y45" was set but never used
..\Source\User\RecognizeCode.c(153): warning:  #177-D: variable "x45count" was declared but never referenced
..\Source\User\RecognizeCode.c(153): warning:  #177-D: variable "y45count" was declared but never referenced
..\Source\User\RecognizeCode.c(153): warning:  #550-D: variable "y25" was set but never used
..\Source\User\RecognizeCode.c(153): warning:  #177-D: variable "y25count" was declared but never referenced
..\Source\User\RecognizeCode.c(154): warning:  #177-D: variable "coordinateX" was declared but never referenced
Target not created
Build target 'Target 1'
compiling RecognizeCode.c...
..\Source\User\RecognizeCode.h(4): warning:  #1-D: last line of file ends without a newline
..\Source\User\RecognizeCode.c(24): error:  #40: expected an identifier
..\Source\User\RecognizeCode.c(22): warning:  #177-D: variable "number" was declared but never referenced
..\Source\User\RecognizeCode.c(22): warning:  #550-D: variable "x23" was set but never used
..\Source\User\RecognizeCode.c(22): warning:  #550-D: variable "y23" was set but never used
..\Source\User\RecognizeCode.c(22): warning:  #177-D: variable "x23count" was declared but never referenced
..\Source\User\RecognizeCode.c(22): warning:  #177-D: variable "y23count" was declared but never referenced
..\Source\User\RecognizeCode.c(152): warning:  #550-D: variable "x23" was set but never used
..\Source\User\RecognizeCode.c(152): warning:  #550-D: variable "y23" was set but never used
..\Source\User\RecognizeCode.c(152): warning:  #177-D: variable "x23count" was declared but never referenced
..\Source\User\RecognizeCode.c(152): warning:  #177-D: variable "y23count" was declared but never referenced
..\Source\User\RecognizeCode.c(153): warning:  #550-D: variable "x45" was set but never used
..\Source\User\RecognizeCode.c(153): warning:  #550-D: variable "y45" was set but never used
..\Source\User\RecognizeCode.c(153): warning:  #177-D: variable "x45count" was declared but never referenced
..\Source\User\RecognizeCode.c(153): warning:  #177-D: variable "y45count" was declared but never referenced
..\Source\User\RecognizeCode.c(153): warning:  #550-D: variable "y25" was set but never used
..\Source\User\RecognizeCode.c(153): warning:  #177-D: variable "y25count" was declared but never referenced
..\Source\User\RecognizeCode.c(154): warning:  #177-D: variable "coordinateX" was declared but never referenced
Target not created
Build target 'Target 1'
compiling RecognizeCode.c...
..\Source\User\RecognizeCode.h(4): warning:  #1-D: last line of file ends without a newline
..\Source\User\RecognizeCode.c(22): warning:  #177-D: variable "number" was declared but never referenced
..\Source\User\RecognizeCode.c(22): warning:  #550-D: variable "x23" was set but never used
..\Source\User\RecognizeCode.c(22): warning:  #550-D: variable "y23" was set but never used
..\Source\User\RecognizeCode.c(22): warning:  #177-D: variable "x23count" was declared but never referenced
..\Source\User\RecognizeCode.c(22): warning:  #177-D: variable "y23count" was declared but never referenced
..\Source\User\RecognizeCode.c(152): warning:  #550-D: variable "x23" was set but never used
..\Source\User\RecognizeCode.c(152): warning:  #550-D: variable "y23" was set but never used
..\Source\User\RecognizeCode.c(152): warning:  #177-D: variable "x23count" was declared but never referenced
..\Source\User\RecognizeCode.c(152): warning:  #177-D: variable "y23count" was declared but never referenced
..\Source\User\RecognizeCode.c(153): warning:  #550-D: variable "x45" was set but never used
..\Source\User\RecognizeCode.c(153): warning:  #550-D: variable "y45" was set but never used
..\Source\User\RecognizeCode.c(153): warning:  #177-D: variable "x45count" was declared but never referenced
..\Source\User\RecognizeCode.c(153): warning:  #177-D: variable "y45count" was declared but never referenced
..\Source\User\RecognizeCode.c(153): warning:  #550-D: variable "y25" was set but never used
..\Source\User\RecognizeCode.c(153): warning:  #177-D: variable "y25count" was declared but never referenced
..\Source\User\RecognizeCode.c(154): warning:  #177-D: variable "coordinateX" was declared but never referenced
linking...
Program Size: Code=12328 RO-data=8264 RW-data=172 ZI-data=4412  
FromELF: creating hex file...
".\Obj\test.axf" - 0 Error(s), 17 Warning(s).
Build target 'Target 1'
compiling RecognizeCode.c...
..\Source\User\RecognizeCode.h(4): warning:  #1-D: last line of file ends without a newline
..\Source\User\RecognizeCode.c(22): warning:  #550-D: variable "x23" was set but never used
..\Source\User\RecognizeCode.c(22): warning:  #550-D: variable "y23" was set but never used
..\Source\User\RecognizeCode.c(22): warning:  #177-D: variable "x23count" was declared but never referenced
..\Source\User\RecognizeCode.c(22): warning:  #177-D: variable "y23count" was declared but never referenced
..\Source\User\RecognizeCode.c(152): warning:  #550-D: variable "x23" was set but never used
..\Source\User\RecognizeCode.c(152): warning:  #550-D: variable "y23" was set but never used
..\Source\User\RecognizeCode.c(152): warning:  #177-D: variable "x23count" was declared but never referenced
..\Source\User\RecognizeCode.c(152): warning:  #177-D: variable "y23count" was declared but never referenced
..\Source\User\RecognizeCode.c(153): warning:  #550-D: variable "x45" was set but never used
..\Source\User\RecognizeCode.c(153): warning:  #550-D: variable "y45" was set but never used
..\Source\User\RecognizeCode.c(153): warning:  #177-D: variable "x45count" was declared but never referenced
..\Source\User\RecognizeCode.c(153): warning:  #177-D: variable "y45count" was declared but never referenced
..\Source\User\RecognizeCode.c(153): warning:  #550-D: variable "y25" was set but never used
..\Source\User\RecognizeCode.c(153): warning:  #177-D: variable "y25count" was declared but never referenced
..\Source\User\RecognizeCode.c(154): warning:  #177-D: variable "coordinateX" was declared but never referenced
linking...
Program Size: Code=12328 RO-data=8264 RW-data=172 ZI-data=4412  
FromELF: creating hex file...
".\Obj\test.axf" - 0 Error(s), 16 Warning(s).
Build target 'Target 1'
compiling RecognizeCode.c...
..\Source\User\RecognizeCode.h(4): warning:  #1-D: last line of file ends without a newline
..\Source\User\RecognizeCode.c(22): warning:  #177-D: variable "x23" was declared but never referenced
..\Source\User\RecognizeCode.c(22): warning:  #177-D: variable "y23" was declared but never referenced
..\Source\User\RecognizeCode.c(22): warning:  #177-D: variable "x23count" was declared but never referenced
..\Source\User\RecognizeCode.c(22): warning:  #177-D: variable "y23count" was declared but never referenced
..\Source\User\RecognizeCode.c(150): warning:  #550-D: variable "x23" was set but never used
..\Source\User\RecognizeCode.c(150): warning:  #550-D: variable "y23" was set but never used
..\Source\User\RecognizeCode.c(150): warning:  #177-D: variable "x23count" was declared but never referenced
..\Source\User\RecognizeCode.c(150): warning:  #177-D: variable "y23count" was declared but never referenced
..\Source\User\RecognizeCode.c(151): warning:  #550-D: variable "x45" was set but never used
..\Source\User\RecognizeCode.c(151): warning:  #550-D: variable "y45" was set but never used
..\Source\User\RecognizeCode.c(151): warning:  #177-D: variable "x45count" was declared but never referenced
..\Source\User\RecognizeCode.c(151): warning:  #177-D: variable "y45count" was declared but never referenced
..\Source\User\RecognizeCode.c(151): warning:  #550-D: variable "y25" was set but never used
..\Source\User\RecognizeCode.c(151): warning:  #177-D: variable "y25count" was declared but never referenced
..\Source\User\RecognizeCode.c(152): warning:  #177-D: variable "coordinateX" was declared but never referenced
linking...
Program Size: Code=12300 RO-data=8264 RW-data=172 ZI-data=4412  
FromELF: creating hex file...
".\Obj\test.axf" - 0 Error(s), 16 Warning(s).
Build target 'Target 1'
compiling RecognizeCode.c...
..\Source\User\RecognizeCode.h(4): warning:  #1-D: last line of file ends without a newline
..\Source\User\RecognizeCode.c(150): warning:  #550-D: variable "x23" was set but never used
..\Source\User\RecognizeCode.c(150): warning:  #550-D: variable "y23" was set but never used
..\Source\User\RecognizeCode.c(150): warning:  #177-D: variable "x23count" was declared but never referenced
..\Source\User\RecognizeCode.c(150): warning:  #177-D: variable "y23count" was declared but never referenced
..\Source\User\RecognizeCode.c(151): warning:  #550-D: variable "x45" was set but never used
..\Source\User\RecognizeCode.c(151): warning:  #550-D: variable "y45" was set but never used
..\Source\User\RecognizeCode.c(151): warning:  #177-D: variable "x45count" was declared but never referenced
..\Source\User\RecognizeCode.c(151): warning:  #177-D: variable "y45count" was declared but never referenced
..\Source\User\RecognizeCode.c(151): warning:  #550-D: variable "y25" was set but never used
..\Source\User\RecognizeCode.c(151): warning:  #177-D: variable "y25count" was declared but never referenced
..\Source\User\RecognizeCode.c(152): warning:  #177-D: variable "coordinateX" was declared but never referenced
linking...
Program Size: Code=12292 RO-data=8264 RW-data=172 ZI-data=4412  
FromELF: creating hex file...
".\Obj\test.axf" - 0 Error(s), 12 Warning(s).
Build target 'Target 1'
compiling RecognizeCode.c...
..\Source\User\RecognizeCode.h(4): warning:  #1-D: last line of file ends without a newline
linking...
Program Size: Code=12292 RO-data=8264 RW-data=172 ZI-data=4412  
FromELF: creating hex file...
".\Obj\test.axf" - 0 Error(s), 1 Warning(s).
Build target 'Target 1'
compiling recognize.c...
..\Source\User\RecognizeCode.h(4): warning:  #1-D: last line of file ends without a newline
compiling RecognizeCode.c...
..\Source\User\RecognizeCode.h(4): warning:  #1-D: last line of file ends without a newline
..\Source\User\RecognizeCode.c(186): error:  #20: identifier "retrun" is undefined
..\Source\User\RecognizeCode.c(186): error:  #65: expected a ";"
..\Source\User\RecognizeCode.c(200): warning: At end of source:  #940-D: missing return statement at end of non-void function "getCharacter"
..\Source\User\RecognizeCode.c(150): warning:  #177-D: variable "flag" was declared but never referenced
..\Source\User\RecognizeCode.c(200): error: At end of source:  #67: expected a "}"
Target not created
"D:\Program Files (x86)\keil4\AStyle\bin\AStyle.exe" -p ..\Source\User\RecognizeCode.c
格式化  ..\Source\User\RecognizeCode.c
Build target 'Target 1'
compiling RecognizeCode.c...
..\Source\User\RecognizeCode.h(4): warning:  #1-D: last line of file ends without a newline
..\Source\User\RecognizeCode.c(186): error:  #20: identifier "retrun" is undefined
..\Source\User\RecognizeCode.c(186): error:  #65: expected a ";"
..\Source\User\RecognizeCode.c(201): warning: At end of source:  #940-D: missing return statement at end of non-void function "getCharacter"
..\Source\User\RecognizeCode.c(150): warning:  #177-D: variable "flag" was declared but never referenced
..\Source\User\RecognizeCode.c(201): error: At end of source:  #67: expected a "}"
Target not created
Build target 'Target 1'
compiling RecognizeCode.c...
..\Source\User\RecognizeCode.h(4): warning:  #1-D: last line of file ends without a newline
..\Source\User\RecognizeCode.c(186): error:  #20: identifier "retrun" is undefined
..\Source\User\RecognizeCode.c(186): error:  #65: expected a ";"
..\Source\User\RecognizeCode.c(150): warning:  #177-D: variable "flag" was declared but never referenced
Target not created
Build target 'Target 1'
compiling RecognizeCode.c...
..\Source\User\RecognizeCode.h(4): warning:  #1-D: last line of file ends without a newline
..\Source\User\RecognizeCode.c(186): error:  #20: identifier "retrun" is undefined
..\Source\User\RecognizeCode.c(186): error:  #65: expected a ";"
..\Source\User\RecognizeCode.c(150): warning:  #177-D: variable "flag" was declared but never referenced
Target not created
Build target 'Target 1'
compiling RecognizeCode.c...
..\Source\User\RecognizeCode.h(4): warning:  #1-D: last line of file ends without a newline
..\Source\User\RecognizeCode.c(150): warning:  #177-D: variable "flag" was declared but never referenced
linking...
Program Size: Code=12292 RO-data=8264 RW-data=172 ZI-data=4412  
FromELF: creating hex file...
".\Obj\test.axf" - 0 Error(s), 2 Warning(s).
Build target 'Target 1'
compiling recognize.c...
..\Source\User\RecognizeCode.h(4): warning:  #1-D: last line of file ends without a newline
compiling RecognizeCode.c...
..\Source\User\RecognizeCode.h(4): warning:  #1-D: last line of file ends without a newline
..\Source\User\RecognizeCode.c(150): warning:  #177-D: variable "flag" was declared but never referenced
linking...
Program Size: Code=11740 RO-data=8264 RW-data=172 ZI-data=4412  
FromELF: creating hex file...
".\Obj\test.axf" - 0 Error(s), 3 Warning(s).
Build target 'Target 1'
compiling recognize.c...
..\Source\User\RecognizeCode.h(4): warning:  #1-D: last line of file ends without a newline
linking...
Program Size: Code=11556 RO-data=8264 RW-data=172 ZI-data=4412  
FromELF: creating hex file...
".\Obj\test.axf" - 0 Error(s), 1 Warning(s).
Build target 'Target 1'
compiling recognize.c...
..\Source\User\RecognizeCode.h(4): warning:  #1-D: last line of file ends without a newline
linking...
Program Size: Code=11656 RO-data=8264 RW-data=172 ZI-data=4412  
FromELF: creating hex file...
".\Obj\test.axf" - 0 Error(s), 1 Warning(s).
Build target 'Target 1'
compiling recognize.c...
..\Source\User\RecognizeCode.h(4): warning:  #1-D: last line of file ends without a newline
linking...
Program Size: Code=11652 RO-data=8264 RW-data=172 ZI-data=4412  
FromELF: creating hex file...
".\Obj\test.axf" - 0 Error(s), 1 Warning(s).
Build target 'Target 1'
linking...
Program Size: Code=11652 RO-data=8264 RW-data=172 ZI-data=4412  
FromELF: creating hex file...
".\Obj\test.axf" - 0 Error(s), 0 Warning(s).
Build target 'Target 1'
compiling recognize.c...
..\Source\User\RecognizeCode.h(4): warning:  #1-D: last line of file ends without a newline
linking...
Program Size: Code=11656 RO-data=8264 RW-data=172 ZI-data=4412  
FromELF: creating hex file...
".\Obj\test.axf" - 0 Error(s), 1 Warning(s).
Build target 'Target 1'
compiling RecognizeCode.c...
..\Source\User\RecognizeCode.h(4): warning:  #1-D: last line of file ends without a newline
..\Source\User\RecognizeCode.c(150): warning:  #177-D: variable "flag" was declared but never referenced
linking...
Program Size: Code=11672 RO-data=8264 RW-data=172 ZI-data=4412  
FromELF: creating hex file...
".\Obj\test.axf" - 0 Error(s), 2 Warning(s).
Build target 'Target 1'
compiling RecognizeCode.c...
..\Source\User\RecognizeCode.h(4): warning:  #1-D: last line of file ends without a newline
..\Source\User\RecognizeCode.c(150): warning:  #177-D: variable "flag" was declared but never referenced
linking...
Program Size: Code=11672 RO-data=8264 RW-data=172 ZI-data=4412  
FromELF: creating hex file...
".\Obj\test.axf" - 0 Error(s), 2 Warning(s).
Build target 'Target 1'
compiling RecognizeCode.c...
..\Source\User\RecognizeCode.h(4): warning:  #1-D: last line of file ends without a newline
..\Source\User\RecognizeCode.c(150): warning:  #177-D: variable "flag" was declared but never referenced
linking...
Program Size: Code=11680 RO-data=8264 RW-data=172 ZI-data=4412  
FromELF: creating hex file...
".\Obj\test.axf" - 0 Error(s), 2 Warning(s).
Build target 'Target 1'
compiling RecognizeCode.c...
..\Source\User\RecognizeCode.h(4): warning:  #1-D: last line of file ends without a newline
..\Source\User\RecognizeCode.c(150): warning:  #177-D: variable "flag" was declared but never referenced
linking...
Program Size: Code=11688 RO-data=8264 RW-data=172 ZI-data=4412  
FromELF: creating hex file...
".\Obj\test.axf" - 0 Error(s), 2 Warning(s).
Build target 'Target 1'
compiling RecognizeCode.c...
..\Source\User\RecognizeCode.h(4): warning:  #1-D: last line of file ends without a newline
..\Source\User\RecognizeCode.c(150): warning:  #177-D: variable "flag" was declared but never referenced
linking...
Program Size: Code=11692 RO-data=8264 RW-data=172 ZI-data=4412  
FromELF: creating hex file...
".\Obj\test.axf" - 0 Error(s), 2 Warning(s).
Build target 'Target 1'
compiling RecognizeCode.c...
..\Source\User\RecognizeCode.h(4): warning:  #1-D: last line of file ends without a newline
..\Source\User\RecognizeCode.c(150): warning:  #177-D: variable "flag" was declared but never referenced
linking...
Program Size: Code=11692 RO-data=8264 RW-data=172 ZI-data=4412  
FromELF: creating hex file...
".\Obj\test.axf" - 0 Error(s), 2 Warning(s).
Build target 'Target 1'
compiling RecognizeCode.c...
..\Source\User\RecognizeCode.h(4): warning:  #1-D: last line of file ends without a newline
linking...
Program Size: Code=11692 RO-data=8264 RW-data=172 ZI-data=4412  
FromELF: creating hex file...
".\Obj\test.axf" - 0 Error(s), 1 Warning(s).
compiling RecognizeCode.c...
..\Source\User\RecognizeCode.h(4): warning:  #1-D: last line of file ends without a newline
..\Source\User\RecognizeCode.c - 0 Error(s), 1 Warning(s).
"D:\Program Files (x86)\keil4\AStyle\bin\AStyle.exe" -p ..\Source\User\RecognizeCode.c
格式化  ..\Source\User\RecognizeCode.c
"D:\Program Files (x86)\keil4\AStyle\bin\AStyle.exe" -p ..\Source\User\RecognizeCode.c
不变    ..\Source\User\RecognizeCode.c
Build target 'Target 1'
compiling RecognizeCode.c...
..\Source\User\RecognizeCode.h(4): warning:  #1-D: last line of file ends without a newline
linking...
Program Size: Code=11692 RO-data=8264 RW-data=172 ZI-data=4412  
FromELF: creating hex file...
".\Obj\test.axf" - 0 Error(s), 1 Warning(s).
"D:\Program Files (x86)\keil4\AStyle\bin\AStyle.exe" -p ..\Source\User\RecognizeCode.c
格式化  ..\Source\User\RecognizeCode.c
Build target 'Target 1'
compiling RecognizeCode.c...
..\Source\User\RecognizeCode.h(4): warning:  #1-D: last line of file ends without a newline
..\Source\User\RecognizeCode.c(174): warning:  #174-D: expression has no effect
..\Source\User\RecognizeCode.c(175): warning:  #174-D: expression has no effect
..\Source\User\RecognizeCode.c(176): error:  #268: declaration may not appear after executable statement in block
..\Source\User\RecognizeCode.c(196): error:  #20: identifier "y56count" is undefined
..\Source\User\RecognizeCode.c(196): warning:  #177-D: variable "y56" was declared but never referenced
..\Source\User\RecognizeCode.c(208): error:  #20: identifier "y" is undefined
..\Source\User\RecognizeCode.c(213): warning: At end of source:  #940-D: missing return statement at end of non-void function "getCount"
..\Source\User\RecognizeCode.c(213): error: At end of source:  #67: expected a "}"
Target not created
Build target 'Target 1'
compiling RecognizeCode.c...
..\Source\User\RecognizeCode.h(4): warning:  #1-D: last line of file ends without a newline
..\Source\User\RecognizeCode.c(174): warning:  #174-D: expression has no effect
..\Source\User\RecognizeCode.c(175): warning:  #174-D: expression has no effect
..\Source\User\RecognizeCode.c(176): error:  #268: declaration may not appear after executable statement in block
..\Source\User\RecognizeCode.c(196): error:  #20: identifier "y56count" is undefined
..\Source\User\RecognizeCode.c(196): warning:  #177-D: variable "y56" was declared but never referenced
..\Source\User\RecognizeCode.c(208): error:  #20: identifier "y" is undefined
..\Source\User\RecognizeCode.c(211): warning:  #940-D: missing return statement at end of non-void function "getCount"
Target not created
"D:\Program Files (x86)\keil4\AStyle\bin\AStyle.exe" -p ..\Source\User\RecognizeCode.c
格式化  ..\Source\User\RecognizeCode.c
"D:\Program Files (x86)\keil4\AStyle\bin\AStyle.exe" -p ..\Source\User\RecognizeCode.c
格式化  ..\Source\User\RecognizeCode.c
Build target 'Target 1'
compiling RecognizeCode.c...
..\Source\User\RecognizeCode.h(4): warning:  #1-D: last line of file ends without a newline
..\Source\User\RecognizeCode.c(14): error:  #20: identifier "y" is undefined
..\Source\User\RecognizeCode.c(17): warning:  #940-D: missing return statement at end of non-void function "getCount"
..\Source\User\RecognizeCode.c(179): warning:  #174-D: expression has no effect
..\Source\User\RecognizeCode.c(180): warning:  #174-D: expression has no effect
..\Source\User\RecognizeCode.c(181): error:  #268: declaration may not appear after executable statement in block
..\Source\User\RecognizeCode.c(202): error:  #20: identifier "y56count" is undefined
..\Source\User\RecognizeCode.c(213): error:  #20: identifier "retrun" is undefined
..\Source\User\RecognizeCode.c(213): error:  #65: expected a ";"
Target not created
Build target 'Target 1'
compiling RecognizeCode.c...
..\Source\User\RecognizeCode.h(4): warning:  #1-D: last line of file ends without a newline
..\Source\User\RecognizeCode.c(22): error:  #20: identifier "y" is undefined
..\Source\User\RecognizeCode.c(25): warning:  #940-D: missing return statement at end of non-void function "getCount"
..\Source\User\RecognizeCode.c(187): warning:  #174-D: expression has no effect
..\Source\User\RecognizeCode.c(188): warning:  #174-D: expression has no effect
..\Source\User\RecognizeCode.c(189): error:  #268: declaration may not appear after executable statement in block
..\Source\User\RecognizeCode.c(210): error:  #20: identifier "y56count" is undefined
..\Source\User\RecognizeCode.c(221): error:  #20: identifier "retrun" is undefined
..\Source\User\RecognizeCode.c(221): error:  #65: expected a ";"
Target not created
Build target 'Target 1'
compiling RecognizeCode.c...
..\Source\User\RecognizeCode.h(4): warning:  #1-D: last line of file ends without a newline
..\Source\User\RecognizeCode.c(25): warning:  #940-D: missing return statement at end of non-void function "getCount"
..\Source\User\RecognizeCode.c(187): warning:  #174-D: expression has no effect
..\Source\User\RecognizeCode.c(188): warning:  #174-D: expression has no effect
..\Source\User\RecognizeCode.c(189): error:  #268: declaration may not appear after executable statement in block
..\Source\User\RecognizeCode.c(210): error:  #20: identifier "y56count" is undefined
..\Source\User\RecognizeCode.c(221): error:  #20: identifier "retrun" is undefined
..\Source\User\RecognizeCode.c(221): error:  #65: expected a ";"
Target not created
Build target 'Target 1'
compiling RecognizeCode.c...
..\Source\User\RecognizeCode.h(4): warning:  #1-D: last line of file ends without a newline
..\Source\User\RecognizeCode.c(25): warning:  #940-D: missing return statement at end of non-void function "getCount"
..\Source\User\RecognizeCode.c(187): warning:  #174-D: expression has no effect
..\Source\User\RecognizeCode.c(188): warning:  #174-D: expression has no effect
..\Source\User\RecognizeCode.c(189): error:  #268: declaration may not appear after executable statement in block
..\Source\User\RecognizeCode.c(210): error:  #20: identifier "y56count" is undefined
..\Source\User\RecognizeCode.c(221): error:  #20: identifier "retrun" is undefined
..\Source\User\RecognizeCode.c(221): error:  #65: expected a ";"
Target not created
Build target 'Target 1'
compiling RecognizeCode.c...
..\Source\User\RecognizeCode.h(4): warning:  #1-D: last line of file ends without a newline
..\Source\User\RecognizeCode.c(25): warning:  #940-D: missing return statement at end of non-void function "getCount"
..\Source\User\RecognizeCode.c(187): warning:  #174-D: expression has no effect
..\Source\User\RecognizeCode.c(188): warning:  #174-D: expression has no effect
..\Source\User\RecognizeCode.c(189): error:  #268: declaration may not appear after executable statement in block
..\Source\User\RecognizeCode.c(210): error:  #20: identifier "y56count" is undefined
..\Source\User\RecognizeCode.c(221): error:  #20: identifier "retrun" is undefined
..\Source\User\RecognizeCode.c(221): error:  #65: expected a ";"
..\Source\User\RecognizeCode.c(225): warning:  #940-D: missing return statement at end of non-void function "getCharacter"
..\Source\User\RecognizeCode.c(227): error:  #169: expected a declaration
..\Source\User\RecognizeCode.c(228): error:  #169: expected a declaration
..\Source\User\RecognizeCode.c(231): warning: At end of source:  #12-D: parsing restarts here after previous syntax error
Target not created
Build target 'Target 1'
compiling RecognizeCode.c...
..\Source\User\RecognizeCode.h(4): warning:  #1-D: last line of file ends without a newline
..\Source\User\RecognizeCode.c(25): warning:  #940-D: missing return statement at end of non-void function "getCount"
..\Source\User\RecognizeCode.c(187): warning:  #174-D: expression has no effect
..\Source\User\RecognizeCode.c(188): warning:  #174-D: expression has no effect
..\Source\User\RecognizeCode.c(189): error:  #268: declaration may not appear after executable statement in block
..\Source\User\RecognizeCode.c(210): error:  #20: identifier "y56count" is undefined
..\Source\User\RecognizeCode.c(221): error:  #20: identifier "retrun" is undefined
..\Source\User\RecognizeCode.c(221): error:  #65: expected a ";"
Target not created
Build target 'Target 1'
compiling RecognizeCode.c...
..\Source\User\RecognizeCode.h(4): warning:  #1-D: last line of file ends without a newline
..\Source\User\RecognizeCode.c(25): warning:  #940-D: missing return statement at end of non-void function "getCount"
..\Source\User\RecognizeCode.c(187): warning:  #174-D: expression has no effect
..\Source\User\RecognizeCode.c(188): warning:  #174-D: expression has no effect
..\Source\User\RecognizeCode.c(189): error:  #268: declaration may not appear after executable statement in block
..\Source\User\RecognizeCode.c(210): error:  #20: identifier "y56count" is undefined
Target not created
"D:\Program Files (x86)\keil4\AStyle\bin\AStyle.exe" -p ..\Source\User\RecognizeCode.c
格式化  ..\Source\User\RecognizeCode.c
Build target 'Target 1'
compiling RecognizeCode.c...
..\Source\User\RecognizeCode.h(4): warning:  #1-D: last line of file ends without a newline
..\Source\User\RecognizeCode.c(25): warning:  #940-D: missing return statement at end of non-void function "getCount"
..\Source\User\RecognizeCode.c(187): warning:  #174-D: expression has no effect
..\Source\User\RecognizeCode.c(188): warning:  #174-D: expression has no effect
..\Source\User\RecognizeCode.c(189): error:  #268: declaration may not appear after executable statement in block
Target not created
Build target 'Target 1'
compiling RecognizeCode.c...
..\Source\User\RecognizeCode.h(4): warning:  #1-D: last line of file ends without a newline
..\Source\User\RecognizeCode.c(25): warning:  #940-D: missing return statement at end of non-void function "getCount"
..\Source\User\RecognizeCode.c(187): warning:  #174-D: expression has no effect
..\Source\User\RecognizeCode.c(188): warning:  #174-D: expression has no effect
..\Source\User\RecognizeCode.c(189): error:  #268: declaration may not appear after executable statement in block
Target not created
Build target 'Target 1'
compiling RecognizeCode.c...
..\Source\User\RecognizeCode.h(4): warning:  #1-D: last line of file ends without a newline
..\Source\User\RecognizeCode.c(25): warning:  #940-D: missing return statement at end of non-void function "getCount"
..\Source\User\RecognizeCode.c(187): warning:  #174-D: expression has no effect
..\Source\User\RecognizeCode.c(188): warning:  #174-D: expression has no effect
..\Source\User\RecognizeCode.c(189): error:  #268: declaration may not appear after executable statement in block
..\Source\User\RecognizeCode.c(210): error:  #40: expected an identifier
..\Source\User\RecognizeCode.c(210): error:  #20: identifier "y56count" is undefined
Target not created
Build target 'Target 1'
compiling RecognizeCode.c...
..\Source\User\RecognizeCode.h(4): warning:  #1-D: last line of file ends without a newline
..\Source\User\RecognizeCode.c(25): warning:  #940-D: missing return statement at end of non-void function "getCount"
..\Source\User\RecognizeCode.c(187): warning:  #174-D: expression has no effect
..\Source\User\RecognizeCode.c(188): warning:  #174-D: expression has no effect
..\Source\User\RecognizeCode.c(189): error:  #268: declaration may not appear after executable statement in block
..\Source\User\RecognizeCode.c(210): error:  #40: expected an identifier
..\Source\User\RecognizeCode.c(210): error:  #20: identifier "y56count" is undefined
Target not created
Build target 'Target 1'
compiling RecognizeCode.c...
..\Source\User\RecognizeCode.h(4): warning:  #1-D: last line of file ends without a newline
..\Source\User\RecognizeCode.c(25): warning:  #940-D: missing return statement at end of non-void function "getCount"
..\Source\User\RecognizeCode.c(187): warning:  #174-D: expression has no effect
..\Source\User\RecognizeCode.c(188): warning:  #174-D: expression has no effect
..\Source\User\RecognizeCode.c(189): error:  #268: declaration may not appear after executable statement in block
Target not created
Build target 'Target 1'
compiling RecognizeCode.c...
..\Source\User\RecognizeCode.h(4): warning:  #1-D: last line of file ends without a newline
..\Source\User\RecognizeCode.c(25): warning:  #940-D: missing return statement at end of non-void function "getCount"
..\Source\User\RecognizeCode.c(187): warning:  #174-D: expression has no effect
..\Source\User\RecognizeCode.c(188): warning:  #174-D: expression has no effect
..\Source\User\RecognizeCode.c(189): error:  #268: declaration may not appear after executable statement in block
Target not created
Build target 'Target 1'
compiling RecognizeCode.c...
..\Source\User\RecognizeCode.h(4): warning:  #1-D: last line of file ends without a newline
..\Source\User\RecognizeCode.c(25): warning:  #117-D: non-void function "getCount" should return a value
..\Source\User\RecognizeCode.c(188): warning:  #174-D: expression has no effect
..\Source\User\RecognizeCode.c(189): warning:  #174-D: expression has no effect
..\Source\User\RecognizeCode.c(190): error:  #268: declaration may not appear after executable statement in block
Target not created
Build target 'Target 1'
compiling RecognizeCode.c...
..\Source\User\RecognizeCode.h(4): warning:  #1-D: last line of file ends without a newline
..\Source\User\RecognizeCode.c(25): warning:  #117-D: non-void function "getCount" should return a value
..\Source\User\RecognizeCode.c(188): warning:  #174-D: expression has no effect
..\Source\User\RecognizeCode.c(189): warning:  #174-D: expression has no effect
linking...
Program Size: Code=11808 RO-data=8264 RW-data=172 ZI-data=4412  
FromELF: creating hex file...
".\Obj\test.axf" - 0 Error(s), 4 Warning(s).
"D:\Program Files (x86)\keil4\AStyle\bin\AStyle.exe" -p ..\Source\User\RecognizeCode.c
格式化  ..\Source\User\RecognizeCode.c
Build target 'Target 1'
compiling RecognizeCode.c...
..\Source\User\RecognizeCode.h(4): warning:  #1-D: last line of file ends without a newline
..\Source\User\RecognizeCode.c(189): warning:  #174-D: expression has no effect
..\Source\User\RecognizeCode.c(190): warning:  #174-D: expression has no effect
linking...
Program Size: Code=11808 RO-data=8264 RW-data=172 ZI-data=4412  
FromELF: creating hex file...
".\Obj\test.axf" - 0 Error(s), 3 Warning(s).
Build target 'Target 1'
compiling RecognizeCode.c...
..\Source\User\RecognizeCode.h(4): warning:  #1-D: last line of file ends without a newline
..\Source\User\RecognizeCode.c(189): warning:  #174-D: expression has no effect
..\Source\User\RecognizeCode.c(190): warning:  #174-D: expression has no effect
..\Source\User\RecognizeCode.c(194): warning:  #223-D: function "gtCount" declared implicitly
linking...
.\Obj\test.axf: Error: L6218E: Undefined symbol gtCount (referred from recognizecode.o).
Target not created
Build target 'Target 1'
compiling RecognizeCode.c...
..\Source\User\RecognizeCode.h(4): warning:  #1-D: last line of file ends without a newline
..\Source\User\RecognizeCode.c(189): warning:  #174-D: expression has no effect
..\Source\User\RecognizeCode.c(190): warning:  #174-D: expression has no effect
linking...
Program Size: Code=11712 RO-data=8264 RW-data=172 ZI-data=4412  
FromELF: creating hex file...
".\Obj\test.axf" - 0 Error(s), 3 Warning(s).
Build target 'Target 1'
compiling RecognizeCode.c...
..\Source\User\RecognizeCode.h(4): warning:  #1-D: last line of file ends without a newline
..\Source\User\RecognizeCode.c(191): warning:  #174-D: expression has no effect
..\Source\User\RecognizeCode.c(192): warning:  #174-D: expression has no effect
linking...
Program Size: Code=11792 RO-data=8264 RW-data=172 ZI-data=4412  
FromELF: creating hex file...
".\Obj\test.axf" - 0 Error(s), 3 Warning(s).
Build target 'Target 1'
compiling RecognizeCode.c...
..\Source\User\RecognizeCode.h(4): warning:  #1-D: last line of file ends without a newline
..\Source\User\RecognizeCode.c(191): warning:  #174-D: expression has no effect
..\Source\User\RecognizeCode.c(192): warning:  #174-D: expression has no effect
linking...
Program Size: Code=11820 RO-data=8264 RW-data=172 ZI-data=4412  
FromELF: creating hex file...
".\Obj\test.axf" - 0 Error(s), 3 Warning(s).
"D:\Program Files (x86)\keil4\AStyle\bin\AStyle.exe" -p ..\Source\User\RecognizeCode.c
格式化  ..\Source\User\RecognizeCode.c
"D:\Program Files (x86)\keil4\AStyle\bin\AStyle.exe" -p ..\Source\User\RecognizeCode.c
格式化  ..\Source\User\RecognizeCode.c
"D:\Program Files (x86)\keil4\AStyle\bin\AStyle.exe" -p ..\Source\User\RecognizeCode.c
格式化  ..\Source\User\RecognizeCode.c
Build target 'Target 1'
compiling RecognizeCode.c...
..\Source\User\RecognizeCode.h(4): warning:  #1-D: last line of file ends without a newline
..\Source\User\RecognizeCode.c(191): warning:  #174-D: expression has no effect
..\Source\User\RecognizeCode.c(192): warning:  #174-D: expression has no effect
linking...
Program Size: Code=11868 RO-data=8264 RW-data=172 ZI-data=4412  
FromELF: creating hex file...
".\Obj\test.axf" - 0 Error(s), 3 Warning(s).
Build target 'Target 1'
compiling RecognizeCode.c...
..\Source\User\RecognizeCode.h(4): warning:  #1-D: last line of file ends without a newline
..\Source\User\RecognizeCode.c(191): warning:  #174-D: expression has no effect
..\Source\User\RecognizeCode.c(192): warning:  #174-D: expression has no effect
linking...
Program Size: Code=11876 RO-data=8264 RW-data=172 ZI-data=4412  
FromELF: creating hex file...
".\Obj\test.axf" - 0 Error(s), 3 Warning(s).
Build target 'Target 1'
compiling RecognizeCode.c...
..\Source\User\RecognizeCode.h(4): warning:  #1-D: last line of file ends without a newline
..\Source\User\RecognizeCode.c(191): warning:  #174-D: expression has no effect
..\Source\User\RecognizeCode.c(192): warning:  #174-D: expression has no effect
linking...
Program Size: Code=11880 RO-data=8264 RW-data=172 ZI-data=4412  
FromELF: creating hex file...
".\Obj\test.axf" - 0 Error(s), 3 Warning(s).
Build target 'Target 1'
compiling RecognizeCode.c...
..\Source\User\RecognizeCode.h(4): warning:  #1-D: last line of file ends without a newline
..\Source\User\RecognizeCode.c(23): warning:  #174-D: expression has no effect
..\Source\User\RecognizeCode.c(23): error:  #20: identifier "end" is undefined
..\Source\User\RecognizeCode.c(180): warning:  #223-D: function "hasIntersection" declared implicitly
..\Source\User\RecognizeCode.c(194): warning:  #174-D: expression has no effect
..\Source\User\RecognizeCode.c(195): warning:  #174-D: expression has no effect
..\Source\User\RecognizeCode.c(199): warning:  #223-D: function "hasIntersection" declared implicitly
..\Source\User\RecognizeCode.c(222): warning:  #223-D: function "hasIntersection" declared implicitly
..\Source\User\RecognizeCode.c(238): warning:  #223-D: function "hasIntersection" declared implicitly
..\Source\User\RecognizeCode.c(269): error:  #65: expected a ";"
..\Source\User\RecognizeCode.c(272): error:  #29: expected an expression
..\Source\User\RecognizeCode.c(269): warning:  #550-D: variable "y34" was set but never used
Target not created
Build target 'Target 1'
compiling RecognizeCode.c...
..\Source\User\RecognizeCode.h(4): warning:  #1-D: last line of file ends without a newline
..\Source\User\RecognizeCode.c(23): warning:  #174-D: expression has no effect
..\Source\User\RecognizeCode.c(23): error:  #20: identifier "end" is undefined
..\Source\User\RecognizeCode.c(181): warning:  #223-D: function "hasIntersection" declared implicitly
..\Source\User\RecognizeCode.c(195): warning:  #174-D: expression has no effect
..\Source\User\RecognizeCode.c(196): warning:  #174-D: expression has no effect
..\Source\User\RecognizeCode.c(200): warning:  #223-D: function "hasIntersection" declared implicitly
..\Source\User\RecognizeCode.c(223): warning:  #223-D: function "hasIntersection" declared implicitly
..\Source\User\RecognizeCode.c(239): warning:  #223-D: function "hasIntersection" declared implicitly
..\Source\User\RecognizeCode.c(270): error:  #65: expected a ";"
..\Source\User\RecognizeCode.c(273): error:  #29: expected an expression
..\Source\User\RecognizeCode.c(270): warning:  #550-D: variable "y34" was set but never used
Target not created
Build target 'Target 1'
compiling RecognizeCode.c...
..\Source\User\RecognizeCode.h(4): warning:  #1-D: last line of file ends without a newline
..\Source\User\RecognizeCode.c(23): warning:  #174-D: expression has no effect
..\Source\User\RecognizeCode.c(23): error:  #20: identifier "end" is undefined
..\Source\User\RecognizeCode.c(181): warning:  #223-D: function "hasIntersection" declared implicitly
..\Source\User\RecognizeCode.c(195): warning:  #174-D: expression has no effect
..\Source\User\RecognizeCode.c(196): warning:  #174-D: expression has no effect
..\Source\User\RecognizeCode.c(200): warning:  #223-D: function "hasIntersection" declared implicitly
..\Source\User\RecognizeCode.c(223): warning:  #223-D: function "hasIntersection" declared implicitly
..\Source\User\RecognizeCode.c(239): warning:  #223-D: function "hasIntersection" declared implicitly
..\Source\User\RecognizeCode.c(270): error:  #65: expected a ";"
..\Source\User\RecognizeCode.c(270): warning:  #550-D: variable "y34" was set but never used
..\Source\User\RecognizeCode.c(278): warning:  #940-D: missing return statement at end of non-void function "getCharacter"
..\Source\User\RecognizeCode.c(281): error:  #169: expected a declaration
..\Source\User\RecognizeCode.c(320): warning:  #12-D: parsing restarts here after previous syntax error
..\Source\User\RecognizeCode.c(321): error:  #169: expected a declaration
..\Source\User\RecognizeCode.c(324): warning: At end of source:  #12-D: parsing restarts here after previous syntax error
Target not created
Build target 'Target 1'
compiling RecognizeCode.c...
..\Source\User\RecognizeCode.h(4): warning:  #1-D: last line of file ends without a newline
..\Source\User\RecognizeCode.c(23): warning:  #174-D: expression has no effect
..\Source\User\RecognizeCode.c(23): error:  #20: identifier "end" is undefined
..\Source\User\RecognizeCode.c(181): warning:  #223-D: function "hasIntersection" declared implicitly
..\Source\User\RecognizeCode.c(195): warning:  #174-D: expression has no effect
..\Source\User\RecognizeCode.c(196): warning:  #174-D: expression has no effect
..\Source\User\RecognizeCode.c(200): warning:  #223-D: function "hasIntersection" declared implicitly
..\Source\User\RecognizeCode.c(223): warning:  #223-D: function "hasIntersection" declared implicitly
..\Source\User\RecognizeCode.c(239): warning:  #223-D: function "hasIntersection" declared implicitly
..\Source\User\RecognizeCode.c(270): error:  #65: expected a ";"
..\Source\User\RecognizeCode.c(270): warning:  #550-D: variable "y34" was set but never used
..\Source\User\RecognizeCode.c(278): warning:  #940-D: missing return statement at end of non-void function "getCharacter"
..\Source\User\RecognizeCode.c(281): error:  #169: expected a declaration
..\Source\User\RecognizeCode.c(320): warning:  #12-D: parsing restarts here after previous syntax error
..\Source\User\RecognizeCode.c(321): error:  #169: expected a declaration
..\Source\User\RecognizeCode.c(324): warning: At end of source:  #12-D: parsing restarts here after previous syntax error
Target not created
Build target 'Target 1'
compiling RecognizeCode.c...
..\Source\User\RecognizeCode.h(4): warning:  #1-D: last line of file ends without a newline
..\Source\User\RecognizeCode.c(23): warning:  #174-D: expression has no effect
..\Source\User\RecognizeCode.c(181): warning:  #223-D: function "hasIntersection" declared implicitly
..\Source\User\RecognizeCode.c(195): warning:  #174-D: expression has no effect
..\Source\User\RecognizeCode.c(196): warning:  #174-D: expression has no effect
..\Source\User\RecognizeCode.c(200): warning:  #223-D: function "hasIntersection" declared implicitly
..\Source\User\RecognizeCode.c(223): warning:  #223-D: function "hasIntersection" declared implicitly
..\Source\User\RecognizeCode.c(239): warning:  #223-D: function "hasIntersection" declared implicitly
..\Source\User\RecognizeCode.c(270): error:  #65: expected a ";"
..\Source\User\RecognizeCode.c(270): warning:  #550-D: variable "y34" was set but never used
..\Source\User\RecognizeCode.c(278): warning:  #940-D: missing return statement at end of non-void function "getCharacter"
..\Source\User\RecognizeCode.c(281): error:  #169: expected a declaration
..\Source\User\RecognizeCode.c(320): warning:  #12-D: parsing restarts here after previous syntax error
..\Source\User\RecognizeCode.c(321): error:  #169: expected a declaration
..\Source\User\RecognizeCode.c(324): warning: At end of source:  #12-D: parsing restarts here after previous syntax error
Target not created
Build target 'Target 1'
compiling RecognizeCode.c...
..\Source\User\RecognizeCode.h(4): warning:  #1-D: last line of file ends without a newline
..\Source\User\RecognizeCode.c(23): warning:  #174-D: expression has no effect
..\Source\User\RecognizeCode.c(181): warning:  #223-D: function "hasIntersection" declared implicitly
..\Source\User\RecognizeCode.c(195): warning:  #174-D: expression has no effect
..\Source\User\RecognizeCode.c(196): warning:  #174-D: expression has no effect
..\Source\User\RecognizeCode.c(200): warning:  #223-D: function "hasIntersection" declared implicitly
..\Source\User\RecognizeCode.c(223): warning:  #223-D: function "hasIntersection" declared implicitly
..\Source\User\RecognizeCode.c(239): warning:  #223-D: function "hasIntersection" declared implicitly
..\Source\User\RecognizeCode.c(270): error:  #65: expected a ";"
..\Source\User\RecognizeCode.c(270): warning:  #550-D: variable "y34" was set but never used
Target not created
Build target 'Target 1'
compiling RecognizeCode.c...
..\Source\User\RecognizeCode.h(4): warning:  #1-D: last line of file ends without a newline
..\Source\User\RecognizeCode.c(23): warning:  #174-D: expression has no effect
..\Source\User\RecognizeCode.c(181): warning:  #223-D: function "hasIntersection" declared implicitly
..\Source\User\RecognizeCode.c(195): warning:  #174-D: expression has no effect
..\Source\User\RecognizeCode.c(196): warning:  #174-D: expression has no effect
..\Source\User\RecognizeCode.c(200): warning:  #223-D: function "hasIntersection" declared implicitly
..\Source\User\RecognizeCode.c(223): warning:  #223-D: function "hasIntersection" declared implicitly
..\Source\User\RecognizeCode.c(239): warning:  #223-D: function "hasIntersection" declared implicitly
..\Source\User\RecognizeCode.c(270): error:  #65: expected a ";"
..\Source\User\RecognizeCode.c(270): warning:  #550-D: variable "y34" was set but never used
Target not created
Build target 'Target 1'
compiling RecognizeCode.c...
..\Source\User\RecognizeCode.h(4): warning:  #1-D: last line of file ends without a newline
..\Source\User\RecognizeCode.c(23): warning:  #174-D: expression has no effect
..\Source\User\RecognizeCode.c(181): warning:  #223-D: function "hasIntersection" declared implicitly
..\Source\User\RecognizeCode.c(195): warning:  #174-D: expression has no effect
..\Source\User\RecognizeCode.c(196): warning:  #174-D: expression has no effect
..\Source\User\RecognizeCode.c(200): warning:  #223-D: function "hasIntersection" declared implicitly
..\Source\User\RecognizeCode.c(223): warning:  #223-D: function "hasIntersection" declared implicitly
..\Source\User\RecognizeCode.c(239): warning:  #223-D: function "hasIntersection" declared implicitly
..\Source\User\RecognizeCode.c(270): warning:  #550-D: variable "y34" was set but never used
..\Source\User\RecognizeCode.c(270): warning:  #177-D: variable "y34count" was declared but never referenced
linking...
.\Obj\test.axf: Error: L6218E: Undefined symbol hasIntersection (referred from recognizecode.o).
Target not created
Build target 'Target 1'
compiling RecognizeCode.c...
..\Source\User\RecognizeCode.h(4): warning:  #1-D: last line of file ends without a newline
..\Source\User\RecognizeCode.c(23): warning:  #174-D: expression has no effect
..\Source\User\RecognizeCode.c(181): warning:  #223-D: function "hasIntersection" declared implicitly
..\Source\User\RecognizeCode.c(195): warning:  #174-D: expression has no effect
..\Source\User\RecognizeCode.c(196): warning:  #174-D: expression has no effect
..\Source\User\RecognizeCode.c(200): warning:  #223-D: function "hasIntersection" declared implicitly
..\Source\User\RecognizeCode.c(223): warning:  #223-D: function "hasIntersection" declared implicitly
..\Source\User\RecognizeCode.c(238): error:  #167: argument of type "int *" is incompatible with parameter of type "int"
..\Source\User\RecognizeCode.c(238): error:  #167: argument of type "int" is incompatible with parameter of type "int *"
..\Source\User\RecognizeCode.c(265): warning:  #550-D: variable "y34" was set but never used
..\Source\User\RecognizeCode.c(265): warning:  #177-D: variable "y34count" was declared but never referenced
Target not created
Build target 'Target 1'
compiling RecognizeCode.c...
..\Source\User\RecognizeCode.h(4): warning:  #1-D: last line of file ends without a newline
..\Source\User\RecognizeCode.c(23): error:  #20: identifier "j" is undefined
..\Source\User\RecognizeCode.c(181): warning:  #223-D: function "hasIntersection" declared implicitly
..\Source\User\RecognizeCode.c(195): warning:  #174-D: expression has no effect
..\Source\User\RecognizeCode.c(196): warning:  #174-D: expression has no effect
..\Source\User\RecognizeCode.c(200): warning:  #223-D: function "hasIntersection" declared implicitly
..\Source\User\RecognizeCode.c(223): warning:  #223-D: function "hasIntersection" declared implicitly
..\Source\User\RecognizeCode.c(238): error:  #167: argument of type "int *" is incompatible with parameter of type "int"
..\Source\User\RecognizeCode.c(238): error:  #167: argument of type "int" is incompatible with parameter of type "int *"
..\Source\User\RecognizeCode.c(265): warning:  #550-D: variable "y34" was set but never used
..\Source\User\RecognizeCode.c(265): warning:  #177-D: variable "y34count" was declared but never referenced
Target not created
Build target 'Target 1'
compiling RecognizeCode.c...
..\Source\User\RecognizeCode.h(4): warning:  #1-D: last line of file ends without a newline
..\Source\User\RecognizeCode.c(23): error:  #20: identifier "j" is undefined
..\Source\User\RecognizeCode.c(181): warning:  #223-D: function "hasIntersection" declared implicitly
..\Source\User\RecognizeCode.c(195): warning:  #174-D: expression has no effect
..\Source\User\RecognizeCode.c(196): warning:  #174-D: expression has no effect
..\Source\User\RecognizeCode.c(200): warning:  #223-D: function "hasIntersection" declared implicitly
..\Source\User\RecognizeCode.c(223): warning:  #223-D: function "hasIntersection" declared implicitly
..\Source\User\RecognizeCode.c(265): warning:  #550-D: variable "y34" was set but never used
..\Source\User\RecognizeCode.c(265): warning:  #177-D: variable "y34count" was declared but never referenced
Target not created
Build target 'Target 1'
compiling RecognizeCode.c...
..\Source\User\RecognizeCode.h(4): warning:  #1-D: last line of file ends without a newline
..\Source\User\RecognizeCode.c(181): warning:  #223-D: function "hasIntersection" declared implicitly
..\Source\User\RecognizeCode.c(195): warning:  #174-D: expression has no effect
..\Source\User\RecognizeCode.c(196): warning:  #174-D: expression has no effect
..\Source\User\RecognizeCode.c(200): warning:  #223-D: function "hasIntersection" declared implicitly
..\Source\User\RecognizeCode.c(223): warning:  #223-D: function "hasIntersection" declared implicitly
..\Source\User\RecognizeCode.c(265): warning:  #550-D: variable "y34" was set but never used
..\Source\User\RecognizeCode.c(265): warning:  #177-D: variable "y34count" was declared but never referenced
linking...
.\Obj\test.axf: Error: L6218E: Undefined symbol hasIntersection (referred from recognizecode.o).
Target not created
Build target 'Target 1'
compiling RecognizeCode.c...
..\Source\User\RecognizeCode.h(4): warning:  #1-D: last line of file ends without a newline
..\Source\User\RecognizeCode.c(37): error:  #40: expected an identifier
..\Source\User\RecognizeCode.c(39): warning:  #223-D: function "getIntersection" declared implicitly
..\Source\User\RecognizeCode.c(40): warning:  #174-D: expression has no effect
..\Source\User\RecognizeCode.c(210): warning:  #174-D: expression has no effect
..\Source\User\RecognizeCode.c(211): warning:  #174-D: expression has no effect
..\Source\User\RecognizeCode.c(285): error:  #65: expected a ";"
..\Source\User\RecognizeCode.c(285): warning:  #550-D: variable "y34" was set but never used
Target not created
Build target 'Target 1'
compiling RecognizeCode.c...
..\Source\User\RecognizeCode.h(4): warning:  #1-D: last line of file ends without a newline
..\Source\User\RecognizeCode.c(37): error:  #40: expected an identifier
..\Source\User\RecognizeCode.c(39): warning:  #223-D: function "getIntersection" declared implicitly
..\Source\User\RecognizeCode.c(40): warning:  #174-D: expression has no effect
..\Source\User\RecognizeCode.c(210): warning:  #174-D: expression has no effect
..\Source\User\RecognizeCode.c(211): warning:  #174-D: expression has no effect
..\Source\User\RecognizeCode.c(285): error:  #65: expected a ";"
..\Source\User\RecognizeCode.c(285): warning:  #550-D: variable "y34" was set but never used
Target not created
Build target 'Target 1'
compiling RecognizeCode.c...
..\Source\User\RecognizeCode.h(4): warning:  #1-D: last line of file ends without a newline
..\Source\User\RecognizeCode.c(39): warning:  #223-D: function "getIntersection" declared implicitly
..\Source\User\RecognizeCode.c(40): warning:  #174-D: expression has no effect
..\Source\User\RecognizeCode.c(210): warning:  #174-D: expression has no effect
..\Source\User\RecognizeCode.c(211): warning:  #174-D: expression has no effect
..\Source\User\RecognizeCode.c(285): error:  #65: expected a ";"
..\Source\User\RecognizeCode.c(285): warning:  #550-D: variable "y34" was set but never used
Target not created
Build target 'Target 1'
compiling RecognizeCode.c...
..\Source\User\RecognizeCode.h(4): warning:  #1-D: last line of file ends without a newline
..\Source\User\RecognizeCode.c(39): warning:  #223-D: function "getIntersection" declared implicitly
..\Source\User\RecognizeCode.c(40): warning:  #174-D: expression has no effect
..\Source\User\RecognizeCode.c(210): warning:  #174-D: expression has no effect
..\Source\User\RecognizeCode.c(211): warning:  #174-D: expression has no effect
..\Source\User\RecognizeCode.c(285): warning:  #550-D: variable "y34" was set but never used
..\Source\User\RecognizeCode.c(285): warning:  #177-D: variable "y34count" was declared but never referenced
linking...
.\Obj\test.axf: Error: L6218E: Undefined symbol getIntersection (referred from recognizecode.o).
Target not created
Build target 'Target 1'
compiling RecognizeCode.c...
..\Source\User\RecognizeCode.h(4): warning:  #1-D: last line of file ends without a newline
..\Source\User\RecognizeCode.c(40): warning:  #174-D: expression has no effect
..\Source\User\RecognizeCode.c(210): warning:  #174-D: expression has no effect
..\Source\User\RecognizeCode.c(211): warning:  #174-D: expression has no effect
..\Source\User\RecognizeCode.c(285): warning:  #550-D: variable "y34" was set but never used
..\Source\User\RecognizeCode.c(285): warning:  #177-D: variable "y34count" was declared but never referenced
linking...
Program Size: Code=11908 RO-data=8264 RW-data=172 ZI-data=4412  
FromELF: creating hex file...
".\Obj\test.axf" - 0 Error(s), 6 Warning(s).
"D:\Program Files (x86)\keil4\AStyle\bin\AStyle.exe" -p ..\Source\User\RecognizeCode.c
格式化  ..\Source\User\RecognizeCode.c
Build target 'Target 1'
compiling RecognizeCode.c...
..\Source\User\RecognizeCode.h(4): warning:  #1-D: last line of file ends without a newline
..\Source\User\RecognizeCode.c(40): warning:  #174-D: expression has no effect
..\Source\User\RecognizeCode.c(210): warning:  #174-D: expression has no effect
..\Source\User\RecognizeCode.c(211): warning:  #174-D: expression has no effect
..\Source\User\RecognizeCode.c(288): error:  #20: identifier "count" is undefined
..\Source\User\RecognizeCode.c(289): error:  #20: identifier "b" is undefined
..\Source\User\RecognizeCode.c(285): warning:  #550-D: variable "y34count" was set but never used
Target not created
Build target 'Target 1'
compiling RecognizeCode.c...
..\Source\User\RecognizeCode.h(4): warning:  #1-D: last line of file ends without a newline
..\Source\User\RecognizeCode.c(40): warning:  #174-D: expression has no effect
..\Source\User\RecognizeCode.c(210): warning:  #174-D: expression has no effect
..\Source\User\RecognizeCode.c(211): warning:  #174-D: expression has no effect
..\Source\User\RecognizeCode.c(288): error:  #20: identifier "count" is undefined
..\Source\User\RecognizeCode.c(285): warning:  #550-D: variable "y34count" was set but never used
Target not created
Build target 'Target 1'
compiling RecognizeCode.c...
..\Source\User\RecognizeCode.h(4): warning:  #1-D: last line of file ends without a newline
..\Source\User\RecognizeCode.c(40): warning:  #174-D: expression has no effect
..\Source\User\RecognizeCode.c(210): warning:  #174-D: expression has no effect
..\Source\User\RecognizeCode.c(211): warning:  #174-D: expression has no effect
linking...
Program Size: Code=11976 RO-data=8264 RW-data=172 ZI-data=4412  
FromELF: creating hex file...
".\Obj\test.axf" - 0 Error(s), 4 Warning(s).
Build target 'Target 1'
compiling RecognizeCode.c...
..\Source\User\RecognizeCode.h(4): warning:  #1-D: last line of file ends without a newline
..\Source\User\RecognizeCode.c(40): warning:  #174-D: expression has no effect
..\Source\User\RecognizeCode.c(210): warning:  #174-D: expression has no effect
..\Source\User\RecognizeCode.c(211): warning:  #174-D: expression has no effect
linking...
Program Size: Code=11976 RO-data=8264 RW-data=172 ZI-data=4412  
FromELF: creating hex file...
".\Obj\test.axf" - 0 Error(s), 4 Warning(s).
Build target 'Target 1'
compiling RecognizeCode.c...
..\Source\User\RecognizeCode.h(4): warning:  #1-D: last line of file ends without a newline
..\Source\User\RecognizeCode.c(210): warning:  #174-D: expression has no effect
..\Source\User\RecognizeCode.c(211): warning:  #174-D: expression has no effect
linking...
Program Size: Code=11976 RO-data=8264 RW-data=172 ZI-data=4412  
FromELF: creating hex file...
".\Obj\test.axf" - 0 Error(s), 3 Warning(s).
"D:\Program Files (x86)\keil4\AStyle\bin\AStyle.exe" -p ..\Source\User\RecognizeCode.c
格式化  ..\Source\User\RecognizeCode.c
Build target 'Target 1'
compiling RecognizeCode.c...
..\Source\User\RecognizeCode.h(4): warning:  #1-D: last line of file ends without a newline
..\Source\User\RecognizeCode.c(210): warning:  #174-D: expression has no effect
..\Source\User\RecognizeCode.c(211): warning:  #174-D: expression has no effect
..\Source\User\RecognizeCode.c(287): error:  #268: declaration may not appear after executable statement in block
..\Source\User\RecognizeCode.c(296): error:  #127: expected a statement
..\Source\User\RecognizeCode.c(321): warning:  #12-D: parsing restarts here after previous syntax error
..\Source\User\RecognizeCode.c(285): warning:  #177-D: variable "temp" was declared but never referenced
..\Source\User\RecognizeCode.c(287): warning:  #177-D: variable "y34count" was declared but never referenced
Target not created
Build target 'Target 1'
compiling RecognizeCode.c...
..\Source\User\RecognizeCode.h(4): warning:  #1-D: last line of file ends without a newline
..\Source\User\RecognizeCode.c(210): warning:  #174-D: expression has no effect
..\Source\User\RecognizeCode.c(211): warning:  #174-D: expression has no effect
..\Source\User\RecognizeCode.c(287): error:  #268: declaration may not appear after executable statement in block
Target not created
"D:\Program Files (x86)\keil4\AStyle\bin\AStyle.exe" -p ..\Source\User\RecognizeCode.c
格式化  ..\Source\User\RecognizeCode.c
Build target 'Target 1'
compiling RecognizeCode.c...
..\Source\User\RecognizeCode.h(4): warning:  #1-D: last line of file ends without a newline
..\Source\User\RecognizeCode.c(210): warning:  #174-D: expression has no effect
..\Source\User\RecognizeCode.c(211): warning:  #174-D: expression has no effect
linking...
Program Size: Code=12088 RO-data=8264 RW-data=172 ZI-data=4412  
FromELF: creating hex file...
".\Obj\test.axf" - 0 Error(s), 3 Warning(s).
Build target 'Target 1'
compiling RecognizeCode.c...
..\Source\User\RecognizeCode.h(4): warning:  #1-D: last line of file ends without a newline
..\Source\User\RecognizeCode.c(210): warning:  #174-D: expression has no effect
..\Source\User\RecognizeCode.c(211): warning:  #174-D: expression has no effect
..\Source\User\RecognizeCode.c(289): error:  #20: identifier "yPos" is undefined
..\Source\User\RecognizeCode.c(287): warning:  #177-D: variable "pos" was declared but never referenced
Target not created
Build target 'Target 1'
compiling RecognizeCode.c...
..\Source\User\RecognizeCode.h(4): warning:  #1-D: last line of file ends without a newline
..\Source\User\RecognizeCode.c(210): warning:  #174-D: expression has no effect
..\Source\User\RecognizeCode.c(211): warning:  #174-D: expression has no effect
linking...
Program Size: Code=12088 RO-data=8264 RW-data=172 ZI-data=4412  
FromELF: creating hex file...
".\Obj\test.axf" - 0 Error(s), 3 Warning(s).
"D:\Program Files (x86)\keil4\AStyle\bin\AStyle.exe" -p ..\Source\User\RecognizeCode.c
格式化  ..\Source\User\RecognizeCode.c
Build target 'Target 1'
compiling RecognizeCode.c...
..\Source\User\RecognizeCode.h(4): warning:  #1-D: last line of file ends without a newline
..\Source\User\RecognizeCode.c(210): warning:  #174-D: expression has no effect
..\Source\User\RecognizeCode.c(211): warning:  #174-D: expression has no effect
linking...
Program Size: Code=12160 RO-data=8264 RW-data=172 ZI-data=4412  
FromELF: creating hex file...
".\Obj\test.axf" - 0 Error(s), 3 Warning(s).
"D:\Program Files (x86)\keil4\AStyle\bin\AStyle.exe" -p ..\Source\User\RecognizeCode.c
格式化  ..\Source\User\RecognizeCode.c
Build target 'Target 1'
compiling RecognizeCode.c...
..\Source\User\RecognizeCode.h(4): warning:  #1-D: last line of file ends without a newline
..\Source\User\RecognizeCode.c(210): warning:  #174-D: expression has no effect
..\Source\User\RecognizeCode.c(211): warning:  #174-D: expression has no effect
linking...
Program Size: Code=12160 RO-data=8264 RW-data=172 ZI-data=4412  
FromELF: creating hex file...
".\Obj\test.axf" - 0 Error(s), 3 Warning(s).
Build target 'Target 1'
compiling RecognizeCode.c...
..\Source\User\RecognizeCode.h(4): warning:  #1-D: last line of file ends without a newline
..\Source\User\RecognizeCode.c(210): warning:  #174-D: expression has no effect
..\Source\User\RecognizeCode.c(211): warning:  #174-D: expression has no effect
..\Source\User\RecognizeCode.c(338): warning:  #177-D: variable "yPos" was declared but never referenced
..\Source\User\RecognizeCode.c(338): warning:  #177-D: variable "temp" was declared but never referenced
linking...
Program Size: Code=12164 RO-data=8264 RW-data=172 ZI-data=4412  
FromELF: creating hex file...
".\Obj\test.axf" - 0 Error(s), 5 Warning(s).
"D:\Program Files (x86)\keil4\AStyle\bin\AStyle.exe" -p ..\Source\User\RecognizeCode.c
格式化  ..\Source\User\RecognizeCode.c
"D:\Program Files (x86)\keil4\AStyle\bin\AStyle.exe" -p ..\Source\User\RecognizeCode.c
格式化  ..\Source\User\RecognizeCode.c
Build target 'Target 1'
compiling RecognizeCode.c...
..\Source\User\RecognizeCode.h(4): warning:  #1-D: last line of file ends without a newline
..\Source\User\RecognizeCode.c(210): warning:  #174-D: expression has no effect
..\Source\User\RecognizeCode.c(211): warning:  #174-D: expression has no effect
linking...
Program Size: Code=12272 RO-data=8264 RW-data=172 ZI-data=4412  
FromELF: creating hex file...
".\Obj\test.axf" - 0 Error(s), 3 Warning(s).
"D:\Program Files (x86)\keil4\AStyle\bin\AStyle.exe" -p ..\Source\User\RecognizeCode.c
格式化  ..\Source\User\RecognizeCode.c
Build target 'Target 1'
compiling RecognizeCode.c...
..\Source\User\RecognizeCode.h(4): warning:  #1-D: last line of file ends without a newline
..\Source\User\RecognizeCode.c(55): warning:  #177-D: variable "yPos" was declared but never referenced
..\Source\User\RecognizeCode.c(55): warning:  #177-D: variable "temp" was declared but never referenced
..\Source\User\RecognizeCode.c(210): warning:  #174-D: expression has no effect
..\Source\User\RecognizeCode.c(211): warning:  #174-D: expression has no effect
..\Source\User\RecognizeCode.c(286): error:  #20: identifier "yPos" is undefined
..\Source\User\RecognizeCode.c(294): error:  #20: identifier "temp" is undefined
..\Source\User\RecognizeCode.c(298): error:  #20: identifier "temp" is undefined
..\Source\User\RecognizeCode.c(316): error:  #20: identifier "temp" is undefined
..\Source\User\RecognizeCode.c(321): error:  #20: identifier "temp" is undefined
..\Source\User\RecognizeCode.c(384): error:  #20: identifier "yPos" is undefined
..\Source\User\RecognizeCode.c(386): error:  #29: expected an expression
..\Source\User\RecognizeCode.c(390): error:  #127: expected a statement
Target not created
"D:\Program Files (x86)\keil4\AStyle\bin\AStyle.exe" -p ..\Source\User\RecognizeCode.c
格式化  ..\Source\User\RecognizeCode.c
Build target 'Target 1'
compiling RecognizeCode.c...
..\Source\User\RecognizeCode.h(4): warning:  #1-D: last line of file ends without a newline
..\Source\User\RecognizeCode.c(55): warning:  #177-D: variable "yPos" was declared but never referenced
..\Source\User\RecognizeCode.c(55): warning:  #177-D: variable "temp" was declared but never referenced
..\Source\User\RecognizeCode.c(210): warning:  #174-D: expression has no effect
..\Source\User\RecognizeCode.c(211): warning:  #174-D: expression has no effect
..\Source\User\RecognizeCode.c(286): error:  #20: identifier "yPos" is undefined
..\Source\User\RecognizeCode.c(294): error:  #20: identifier "temp" is undefined
..\Source\User\RecognizeCode.c(298): error:  #20: identifier "temp" is undefined
..\Source\User\RecognizeCode.c(316): error:  #20: identifier "temp" is undefined
..\Source\User\RecognizeCode.c(321): error:  #20: identifier "temp" is undefined
..\Source\User\RecognizeCode.c(384): error:  #20: identifier "yPos" is undefined
..\Source\User\RecognizeCode.c(396): error:  #20: identifier "temp" is undefined
..\Source\User\RecognizeCode.c(401): error:  #20: identifier "temp" is undefined
Target not created
Build target 'Target 1'
compiling RecognizeCode.c...
..\Source\User\RecognizeCode.h(4): warning:  #1-D: last line of file ends without a newline
..\Source\User\RecognizeCode.c(55): warning:  #177-D: variable "yPos" was declared but never referenced
..\Source\User\RecognizeCode.c(55): warning:  #177-D: variable "temp" was declared but never referenced
..\Source\User\RecognizeCode.c(209): warning:  #174-D: expression has no effect
..\Source\User\RecognizeCode.c(210): warning:  #174-D: expression has no effect
..\Source\User\RecognizeCode.c(215): error:  #20: identifier "temp" is undefined
..\Source\User\RecognizeCode.c(218): error:  #20: identifier "temp" is undefined
..\Source\User\RecognizeCode.c(285): error:  #20: identifier "yPos" is undefined
..\Source\User\RecognizeCode.c(293): error:  #20: identifier "temp" is undefined
..\Source\User\RecognizeCode.c(297): error:  #20: identifier "temp" is undefined
..\Source\User\RecognizeCode.c(315): error:  #20: identifier "temp" is undefined
..\Source\User\RecognizeCode.c(320): error:  #20: identifier "temp" is undefined
..\Source\User\RecognizeCode.c(383): error:  #20: identifier "yPos" is undefined
..\Source\User\RecognizeCode.c(395): error:  #20: identifier "temp" is undefined
..\Source\User\RecognizeCode.c(400): error:  #20: identifier "temp" is undefined
Target not created
Build target 'Target 1'
compiling RecognizeCode.c...
..\Source\User\RecognizeCode.h(4): warning:  #1-D: last line of file ends without a newline
..\Source\User\RecognizeCode.c(55): warning:  #177-D: variable "yPos" was declared but never referenced
..\Source\User\RecognizeCode.c(55): warning:  #177-D: variable "temp" was declared but never referenced
..\Source\User\RecognizeCode.c(209): warning:  #174-D: expression has no effect
..\Source\User\RecognizeCode.c(210): warning:  #174-D: expression has no effect
linking...
Program Size: Code=12372 RO-data=8264 RW-data=172 ZI-data=4412  
FromELF: creating hex file...
".\Obj\test.axf" - 0 Error(s), 5 Warning(s).
Build target 'Target 1'
compiling RecognizeCode.c...
..\Source\User\RecognizeCode.h(4): warning:  #1-D: last line of file ends without a newline
..\Source\User\RecognizeCode.c(55): warning:  #177-D: variable "yPos" was declared but never referenced
..\Source\User\RecognizeCode.c(55): warning:  #177-D: variable "temp" was declared but never referenced
..\Source\User\RecognizeCode.c(209): warning:  #174-D: expression has no effect
..\Source\User\RecognizeCode.c(210): warning:  #174-D: expression has no effect
linking...
Program Size: Code=12372 RO-data=8264 RW-data=172 ZI-data=4412  
FromELF: creating hex file...
".\Obj\test.axf" - 0 Error(s), 5 Warning(s).
Build target 'Target 1'
compiling RecognizeCode.c...
..\Source\User\RecognizeCode.h(4): warning:  #1-D: last line of file ends without a newline
..\Source\User\RecognizeCode.c(55): warning:  #177-D: variable "yPos" was declared but never referenced
..\Source\User\RecognizeCode.c(55): warning:  #177-D: variable "temp" was declared but never referenced
..\Source\User\RecognizeCode.c(209): warning:  #174-D: expression has no effect
..\Source\User\RecognizeCode.c(210): warning:  #174-D: expression has no effect
linking...
Program Size: Code=12344 RO-data=8264 RW-data=172 ZI-data=4412  
FromELF: creating hex file...
".\Obj\test.axf" - 0 Error(s), 5 Warning(s).
Build target 'Target 1'
compiling RecognizeCode.c...
..\Source\User\RecognizeCode.h(4): warning:  #1-D: last line of file ends without a newline
..\Source\User\RecognizeCode.c(55): warning:  #177-D: variable "yPos" was declared but never referenced
..\Source\User\RecognizeCode.c(55): warning:  #177-D: variable "temp" was declared but never referenced
..\Source\User\RecognizeCode.c(209): warning:  #174-D: expression has no effect
..\Source\User\RecognizeCode.c(210): warning:  #174-D: expression has no effect
linking...
Program Size: Code=12328 RO-data=8264 RW-data=172 ZI-data=4412  
FromELF: creating hex file...
".\Obj\test.axf" - 0 Error(s), 5 Warning(s).
Build target 'Target 1'
compiling RecognizeCode.c...
..\Source\User\RecognizeCode.h(4): warning:  #1-D: last line of file ends without a newline
..\Source\User\RecognizeCode.c(55): warning:  #177-D: variable "yPos" was declared but never referenced
..\Source\User\RecognizeCode.c(55): warning:  #177-D: variable "temp" was declared but never referenced
..\Source\User\RecognizeCode.c(209): warning:  #174-D: expression has no effect
..\Source\User\RecognizeCode.c(210): warning:  #174-D: expression has no effect
linking...
Program Size: Code=12372 RO-data=8264 RW-data=172 ZI-data=4412  
FromELF: creating hex file...
".\Obj\test.axf" - 0 Error(s), 5 Warning(s).
Build target 'Target 1'
compiling RecognizeCode.c...
..\Source\User\RecognizeCode.h(4): warning:  #1-D: last line of file ends without a newline
..\Source\User\RecognizeCode.c(55): warning:  #177-D: variable "yPos" was declared but never referenced
..\Source\User\RecognizeCode.c(55): warning:  #177-D: variable "temp" was declared but never referenced
..\Source\User\RecognizeCode.c(209): warning:  #174-D: expression has no effect
..\Source\User\RecognizeCode.c(210): warning:  #174-D: expression has no effect
linking...
Program Size: Code=12372 RO-data=8264 RW-data=172 ZI-data=4412  
FromELF: creating hex file...
".\Obj\test.axf" - 0 Error(s), 5 Warning(s).
"D:\Program Files (x86)\keil4\AStyle\bin\AStyle.exe" -p ..\Source\User\RecognizeCode.c
格式化  ..\Source\User\RecognizeCode.c
"D:\Program Files (x86)\keil4\AStyle\bin\AStyle.exe" -p ..\Source\User\RecognizeCode.c
格式化  ..\Source\User\RecognizeCode.c
Build target 'Target 1'
compiling RecognizeCode.c...
..\Source\User\RecognizeCode.h(4): warning:  #1-D: last line of file ends without a newline
..\Source\User\RecognizeCode.c(55): warning:  #177-D: variable "yPos" was declared but never referenced
..\Source\User\RecognizeCode.c(55): warning:  #177-D: variable "temp" was declared but never referenced
..\Source\User\RecognizeCode.c(183): error:  #65: expected a ";"
..\Source\User\RecognizeCode.c(209): warning:  #174-D: expression has no effect
..\Source\User\RecognizeCode.c(210): warning:  #174-D: expression has no effect
..\Source\User\RecognizeCode.c(215): error:  #20: identifier "temp" is undefined
..\Source\User\RecognizeCode.c(218): error:  #20: identifier "temp" is undefined
..\Source\User\RecognizeCode.c(277): error:  #20: identifier "temp" is undefined
..\Source\User\RecognizeCode.c(281): error:  #20: identifier "temp" is undefined
..\Source\User\RecognizeCode.c(299): error:  #20: identifier "temp" is undefined
..\Source\User\RecognizeCode.c(304): error:  #20: identifier "temp" is undefined
..\Source\User\RecognizeCode.c(379): error:  #20: identifier "temp" is undefined
..\Source\User\RecognizeCode.c(384): error:  #20: identifier "temp" is undefined
..\Source\User\RecognizeCode.c(404): error:  #20: identifier "temp" is undefined
..\Source\User\RecognizeCode.c(406): error:  #20: identifier "temp" is undefined
Target not created
Build target 'Target 1'
compiling RecognizeCode.c...
..\Source\User\RecognizeCode.h(4): warning:  #1-D: last line of file ends without a newline
..\Source\User\RecognizeCode.c(55): warning:  #177-D: variable "yPos" was declared but never referenced
..\Source\User\RecognizeCode.c(55): warning:  #177-D: variable "temp" was declared but never referenced
..\Source\User\RecognizeCode.c(183): error:  #65: expected a ";"
..\Source\User\RecognizeCode.c(209): warning:  #174-D: expression has no effect
..\Source\User\RecognizeCode.c(210): warning:  #174-D: expression has no effect
..\Source\User\RecognizeCode.c(215): error:  #20: identifier "temp" is undefined
..\Source\User\RecognizeCode.c(218): error:  #20: identifier "temp" is undefined
..\Source\User\RecognizeCode.c(277): error:  #20: identifier "temp" is undefined
..\Source\User\RecognizeCode.c(281): error:  #20: identifier "temp" is undefined
..\Source\User\RecognizeCode.c(299): error:  #20: identifier "temp" is undefined
..\Source\User\RecognizeCode.c(304): error:  #20: identifier "temp" is undefined
..\Source\User\RecognizeCode.c(379): error:  #20: identifier "temp" is undefined
..\Source\User\RecognizeCode.c(384): error:  #20: identifier "temp" is undefined
..\Source\User\RecognizeCode.c(404): error:  #20: identifier "temp" is undefined
..\Source\User\RecognizeCode.c(406): error:  #20: identifier "temp" is undefined
Target not created
Build target 'Target 1'
compiling RecognizeCode.c...
..\Source\User\RecognizeCode.h(4): warning:  #1-D: last line of file ends without a newline
..\Source\User\RecognizeCode.c(55): warning:  #177-D: variable "yPos" was declared but never referenced
..\Source\User\RecognizeCode.c(55): warning:  #177-D: variable "temp" was declared but never referenced
..\Source\User\RecognizeCode.c(190): error:  #65: expected a ";"
..\Source\User\RecognizeCode.c(216): warning:  #174-D: expression has no effect
..\Source\User\RecognizeCode.c(217): warning:  #174-D: expression has no effect
..\Source\User\RecognizeCode.c(222): error:  #20: identifier "temp" is undefined
..\Source\User\RecognizeCode.c(225): error:  #20: identifier "temp" is undefined
..\Source\User\RecognizeCode.c(284): error:  #20: identifier "temp" is undefined
..\Source\User\RecognizeCode.c(288): error:  #20: identifier "temp" is undefined
..\Source\User\RecognizeCode.c(306): error:  #20: identifier "temp" is undefined
..\Source\User\RecognizeCode.c(311): error:  #20: identifier "temp" is undefined
..\Source\User\RecognizeCode.c(384): error:  #20: identifier "temp" is undefined
..\Source\User\RecognizeCode.c(388): error:  #20: identifier "temp" is undefined
..\Source\User\RecognizeCode.c(404): error:  #20: identifier "temp" is undefined
..\Source\User\RecognizeCode.c(406): error:  #20: identifier "temp" is undefined
Target not created
Build target 'Target 1'
compiling RecognizeCode.c...
..\Source\User\RecognizeCode.h(4): warning:  #1-D: last line of file ends without a newline
..\Source\User\RecognizeCode.c(55): warning:  #177-D: variable "yPos" was declared but never referenced
..\Source\User\RecognizeCode.c(55): warning:  #177-D: variable "temp" was declared but never referenced
..\Source\User\RecognizeCode.c(216): warning:  #174-D: expression has no effect
..\Source\User\RecognizeCode.c(217): warning:  #174-D: expression has no effect
linking...
Program Size: Code=12400 RO-data=8264 RW-data=172 ZI-data=4412  
FromELF: creating hex file...
".\Obj\test.axf" - 0 Error(s), 5 Warning(s).
Build target 'Target 1'
compiling RecognizeCode.c...
..\Source\User\RecognizeCode.h(4): warning:  #1-D: last line of file ends without a newline
..\Source\User\RecognizeCode.c(55): warning:  #177-D: variable "yPos" was declared but never referenced
..\Source\User\RecognizeCode.c(55): warning:  #177-D: variable "temp" was declared but never referenced
..\Source\User\RecognizeCode.c(216): warning:  #174-D: expression has no effect
..\Source\User\RecognizeCode.c(217): warning:  #174-D: expression has no effect
linking...
Program Size: Code=12404 RO-data=8264 RW-data=172 ZI-data=4412  
FromELF: creating hex file...
".\Obj\test.axf" - 0 Error(s), 5 Warning(s).
Build target 'Target 1'
compiling RecognizeCode.c...
..\Source\User\RecognizeCode.h(4): warning:  #1-D: last line of file ends without a newline
..\Source\User\RecognizeCode.c(55): warning:  #177-D: variable "yPos" was declared but never referenced
..\Source\User\RecognizeCode.c(55): warning:  #177-D: variable "temp" was declared but never referenced
..\Source\User\RecognizeCode.c(216): warning:  #174-D: expression has no effect
..\Source\User\RecognizeCode.c(217): warning:  #174-D: expression has no effect
linking...
Program Size: Code=12396 RO-data=8264 RW-data=172 ZI-data=4412  
FromELF: creating hex file...
".\Obj\test.axf" - 0 Error(s), 5 Warning(s).
Build target 'Target 1'
compiling RecognizeCode.c...
..\Source\User\RecognizeCode.h(4): warning:  #1-D: last line of file ends without a newline
..\Source\User\RecognizeCode.c(55): warning:  #177-D: variable "yPos" was declared but never referenced
..\Source\User\RecognizeCode.c(55): warning:  #177-D: variable "temp" was declared but never referenced
..\Source\User\RecognizeCode.c(216): warning:  #174-D: expression has no effect
..\Source\User\RecognizeCode.c(217): warning:  #174-D: expression has no effect
linking...
Program Size: Code=12400 RO-data=8264 RW-data=172 ZI-data=4412  
FromELF: creating hex file...
".\Obj\test.axf" - 0 Error(s), 5 Warning(s).
Build target 'Target 1'
compiling recognize.c...
..\Source\User\RecognizeCode.h(4): warning:  #1-D: last line of file ends without a newline
..\Source\User\recognize.c(153): error:  #147: declaration is incompatible with "void delay1ms(unsigned int)" (declared at line 50 of "..\Source\Lcd\touch.h")
..\Source\User\recognize.c(159): error:  #20: identifier "delay" is undefined
..\Source\User\recognize.c(160): warning:  #940-D: missing return statement at end of non-void function "delay1ms"
..\Source\User\recognize.c(172): error:  #165: too few arguments in function call
..\Source\User\recognize.c(316): error:  #165: too few arguments in function call
Target not created
Build target 'Target 1'
compiling recognize.c...
..\Source\User\RecognizeCode.h(4): warning:  #1-D: last line of file ends without a newline
..\Source\User\recognize.c(153): error:  #147: declaration is incompatible with "void delay1ms(unsigned int)" (declared at line 50 of "..\Source\Lcd\touch.h")
..\Source\User\recognize.c(159): error:  #20: identifier "delay" is undefined
..\Source\User\recognize.c(160): warning:  #940-D: missing return statement at end of non-void function "delay1ms"
..\Source\User\recognize.c(316): error:  #165: too few arguments in function call
Target not created
Build target 'Target 1'
compiling recognize.c...
..\Source\User\RecognizeCode.h(4): warning:  #1-D: last line of file ends without a newline
..\Source\User\recognize.c(153): error:  #147: declaration is incompatible with "void delay1ms(unsigned int)" (declared at line 50 of "..\Source\Lcd\touch.h")
..\Source\User\recognize.c(159): error:  #20: identifier "delay" is undefined
..\Source\User\recognize.c(160): warning:  #940-D: missing return statement at end of non-void function "delay1ms"
Target not created
Build target 'Target 1'
compiling recognize.c...
..\Source\User\RecognizeCode.h(4): warning:  #1-D: last line of file ends without a newline
..\Source\User\recognize.c(153): error:  #147: declaration is incompatible with "void delay1ms(unsigned int)" (declared at line 50 of "..\Source\Lcd\touch.h")
..\Source\User\recognize.c(160): warning:  #940-D: missing return statement at end of non-void function "delay1ms"
Target not created
Build target 'Target 1'
compiling recognize.c...
..\Source\User\recognize.c(153): error:  #147: declaration is incompatible with "void delay1ms(unsigned int)" (declared at line 50 of "..\Source\Lcd\touch.h")
..\Source\User\recognize.c(160): warning:  #940-D: missing return statement at end of non-void function "delay1ms"
compiling RecognizeCode.c...
..\Source\User\RecognizeCode.c(55): warning:  #177-D: variable "yPos" was declared but never referenced
..\Source\User\RecognizeCode.c(55): warning:  #177-D: variable "temp" was declared but never referenced
..\Source\User\RecognizeCode.c(216): warning:  #174-D: expression has no effect
..\Source\User\RecognizeCode.c(217): warning:  #174-D: expression has no effect
Target not created
Build target 'Target 1'
compiling recognize.c...
..\Source\User\recognize.c(153): error:  #147: declaration is incompatible with "void delay1ms(unsigned int)" (declared at line 50 of "..\Source\Lcd\touch.h")
..\Source\User\recognize.c(160): warning:  #940-D: missing return statement at end of non-void function "delay1ms"
compiling RecognizeCode.c...
..\Source\User\RecognizeCode.c(55): warning:  #177-D: variable "yPos" was declared but never referenced
..\Source\User\RecognizeCode.c(55): warning:  #177-D: variable "temp" was declared but never referenced
Target not created
compiling recognize.c...
..\Source\User\recognize.c(169): error:  #247: function "delay1ms" has already been defined
..\Source\User\recognize.c(176): warning:  #940-D: missing return statement at end of non-void function "delay1ms"
..\Source\User\recognize.c - 1 Error(s), 1 Warning(s).
Build target 'Target 1'
compiling recognize.c...
..\Source\User\recognize.c(169): error:  #247: function "delay1ms" has already been defined
..\Source\User\recognize.c(176): warning:  #940-D: missing return statement at end of non-void function "delay1ms"
Target not created
Build target 'Target 1'
compiling recognize.c...
..\Source\User\recognize.c(176): warning:  #940-D: missing return statement at end of non-void function "delayms"
linking...
Program Size: Code=12396 RO-data=8264 RW-data=172 ZI-data=4412  
FromELF: creating hex file...
".\Obj\test.axf" - 0 Error(s), 1 Warning(s).
Build target 'Target 1'
compiling recognize.c...
..\Source\User\recognize.c(176): warning:  #940-D: missing return statement at end of non-void function "delayms"
..\Source\User\recognize.c(333): error:  #65: expected a ";"
..\Source\User\recognize.c(341): warning:  #12-D: parsing restarts here after previous syntax error
..\Source\User\recognize.c(303): warning:  #550-D: variable "flag" was set but never used
..\Source\User\recognize.c(303): warning:  #177-D: variable "time" was declared but never referenced
..\Source\User\recognize.c(304): warning:  #177-D: variable "result" was declared but never referenced
Target not created
Build target 'Target 1'
compiling recognize.c...
..\Source\User\recognize.c(176): warning:  #940-D: missing return statement at end of non-void function "delayms"
..\Source\User\recognize.c(303): warning:  #177-D: variable "time" was declared but never referenced
linking...
Program Size: Code=12396 RO-data=8264 RW-data=172 ZI-data=4412  
FromELF: creating hex file...
".\Obj\test.axf" - 0 Error(s), 2 Warning(s).
Build target 'Target 1'
compiling recognize.c...
..\Source\User\recognize.c(176): warning:  #940-D: missing return statement at end of non-void function "delayms"
..\Source\User\recognize.c(303): warning:  #177-D: variable "time" was declared but never referenced
linking...
Program Size: Code=12396 RO-data=8264 RW-data=172 ZI-data=4412  
FromELF: creating hex file...
".\Obj\test.axf" - 0 Error(s), 2 Warning(s).
Build target 'Target 1'
compiling recognize.c...
..\Source\User\recognize.c(176): warning:  #940-D: missing return statement at end of non-void function "delayms"
..\Source\User\recognize.c(303): warning:  #177-D: variable "time" was declared but never referenced
linking...
Program Size: Code=12416 RO-data=8264 RW-data=172 ZI-data=4412  
FromELF: creating hex file...
".\Obj\test.axf" - 0 Error(s), 2 Warning(s).
Build target 'Target 1'
compiling recognize.c...
..\Source\User\recognize.c(176): warning:  #940-D: missing return statement at end of non-void function "delayms"
..\Source\User\recognize.c(303): warning:  #177-D: variable "time" was declared but never referenced
linking...
Program Size: Code=12420 RO-data=8264 RW-data=172 ZI-data=4412  
FromELF: creating hex file...
".\Obj\test.axf" - 0 Error(s), 2 Warning(s).
Build target 'Target 1'
compiling recognize.c...
..\Source\User\recognize.c(176): warning:  #940-D: missing return statement at end of non-void function "delayms"
..\Source\User\recognize.c(303): warning:  #177-D: variable "time" was declared but never referenced
linking...
Program Size: Code=12420 RO-data=8264 RW-data=172 ZI-data=4412  
FromELF: creating hex file...
".\Obj\test.axf" - 0 Error(s), 2 Warning(s).
Build target 'Target 1'
compiling recognize.c...
..\Source\User\recognize.c(176): warning:  #940-D: missing return statement at end of non-void function "delayms"
..\Source\User\recognize.c(303): warning:  #177-D: variable "time" was declared but never referenced
linking...
Program Size: Code=12420 RO-data=8264 RW-data=172 ZI-data=4412  
FromELF: creating hex file...
".\Obj\test.axf" - 0 Error(s), 2 Warning(s).
Build target 'Target 1'
compiling recognize.c...
..\Source\User\recognize.c(176): warning:  #940-D: missing return statement at end of non-void function "delayms"
..\Source\User\recognize.c(303): warning:  #177-D: variable "time" was declared but never referenced
linking...
Program Size: Code=12428 RO-data=8264 RW-data=172 ZI-data=4412  
FromELF: creating hex file...
".\Obj\test.axf" - 0 Error(s), 2 Warning(s).
Build target 'Target 1'
compiling recognize.c...
..\Source\User\recognize.c(176): warning:  #940-D: missing return statement at end of non-void function "delayms"
..\Source\User\recognize.c(303): warning:  #177-D: variable "time" was declared but never referenced
linking...
Program Size: Code=12424 RO-data=8264 RW-data=172 ZI-data=4412  
FromELF: creating hex file...
".\Obj\test.axf" - 0 Error(s), 2 Warning(s).
Build target 'Target 1'
compiling recognize.c...
..\Source\User\recognize.c(176): warning:  #940-D: missing return statement at end of non-void function "delayms"
..\Source\User\recognize.c(303): warning:  #177-D: variable "time" was declared but never referenced
linking...
Program Size: Code=12424 RO-data=8264 RW-data=172 ZI-data=4412  
FromELF: creating hex file...
".\Obj\test.axf" - 0 Error(s), 2 Warning(s).
Build target 'Target 1'
compiling recognize.c...
..\Source\User\recognize.c(176): warning:  #940-D: missing return statement at end of non-void function "delayms"
..\Source\User\recognize.c(303): warning:  #177-D: variable "time" was declared but never referenced
linking...
Program Size: Code=12424 RO-data=8264 RW-data=172 ZI-data=4412  
FromELF: creating hex file...
".\Obj\test.axf" - 0 Error(s), 2 Warning(s).
Build target 'Target 1'
compiling recognize.c...
..\Source\User\recognize.c(176): warning:  #940-D: missing return statement at end of non-void function "delayms"
..\Source\User\recognize.c(303): warning:  #177-D: variable "time" was declared but never referenced
linking...
Program Size: Code=12424 RO-data=8264 RW-data=172 ZI-data=4412  
FromELF: creating hex file...
".\Obj\test.axf" - 0 Error(s), 2 Warning(s).
Build target 'Target 1'
compiling recognize.c...
..\Source\User\recognize.c(176): warning:  #940-D: missing return statement at end of non-void function "delayms"
..\Source\User\recognize.c(303): warning:  #177-D: variable "time" was declared but never referenced
linking...
Program Size: Code=12436 RO-data=8264 RW-data=172 ZI-data=4412  
FromELF: creating hex file...
".\Obj\test.axf" - 0 Error(s), 2 Warning(s).
Build target 'Target 1'
compiling recognize.c...
..\Source\User\recognize.c(176): warning:  #940-D: missing return statement at end of non-void function "delayms"
..\Source\User\recognize.c(303): warning:  #177-D: variable "time" was declared but never referenced
linking...
Program Size: Code=12436 RO-data=8264 RW-data=172 ZI-data=4412  
FromELF: creating hex file...
".\Obj\test.axf" - 0 Error(s), 2 Warning(s).
"D:\Program Files (x86)\keil4\AStyle\bin\AStyle.exe" -p ..\Source\User\recognize.c
格式化  ..\Source\User\recognize.c
"D:\Program Files (x86)\keil4\AStyle\bin\AStyle.exe" -p ..\Source\Lcd\Lcd.c
格式化  ..\Source\Lcd\Lcd.c
Build target 'Target 1'
compiling main.c...
compiling Lcd.c...
compiling LCD_touch.C...
compiling recognize.c...
..\Source\User\recognize.c(108): error:  #165: too few arguments in function call
..\Source\User\recognize.c(176): warning:  #940-D: missing return statement at end of non-void function "delayms"
..\Source\User\recognize.c(303): warning:  #177-D: variable "time" was declared but never referenced
..\Source\User\recognize.c(374): warning:  #69-D: integer conversion resulted in truncation
compiling RecognizeCode.c...
..\Source\User\RecognizeCode.c(55): warning:  #177-D: variable "yPos" was declared but never referenced
..\Source\User\RecognizeCode.c(55): warning:  #177-D: variable "temp" was declared but never referenced
Target not created
Build target 'Target 1'
compiling recognize.c...
..\Source\User\recognize.c(176): warning:  #940-D: missing return statement at end of non-void function "delayms"
..\Source\User\recognize.c(303): warning:  #177-D: variable "time" was declared but never referenced
..\Source\User\recognize.c(374): warning:  #69-D: integer conversion resulted in truncation
linking...
Program Size: Code=12444 RO-data=8264 RW-data=172 ZI-data=4412  
FromELF: creating hex file...
".\Obj\test.axf" - 0 Error(s), 3 Warning(s).
Build target 'Target 1'
compiling Lcd.c...
..\Source\Lcd\Lcd.c(894): error:  #147-D: declaration is incompatible with "void LCD_DrawRectangle(u8, u16, u8, u16, u8)" (declared at line 176 of "..\Source\Lcd\LCD.h")
Target not created
Build target 'Target 1'
compiling Lcd.c...
..\Source\Lcd\Lcd.c(894): error:  #147-D: declaration is incompatible with "void LCD_DrawRectangle(u8, u16, u8, u16, u8)" (declared at line 176 of "..\Source\Lcd\LCD.h")
Target not created
Build target 'Target 1'
compiling Lcd.c...
linking...
Program Size: Code=12444 RO-data=8264 RW-data=172 ZI-data=4412  
FromELF: creating hex file...
".\Obj\test.axf" - 0 Error(s), 0 Warning(s).
Build target 'Target 1'
compiling Lcd.c...
..\Source\Lcd\Lcd.c(894): error:  #147-D: declaration is incompatible with "void LCD_DrawRectangle(u8, u16, u8, u16, u8)" (declared at line 176 of "..\Source\Lcd\LCD.h")
Target not created
Build target 'Target 1'
compiling Lcd.c...
..\Source\Lcd\Lcd.c(894): error:  #147-D: declaration is incompatible with "void LCD_DrawRectangle(u8, u16, u8, u16, u8)" (declared at line 176 of "..\Source\Lcd\LCD.h")
Target not created
Build target 'Target 1'
compiling Lcd.c...
..\Source\Lcd\Lcd.c(894): error:  #147-D: declaration is incompatible with "void LCD_DrawRectangle(u8, u16, u8, u16, u8)" (declared at line 176 of "..\Source\Lcd\LCD.h")
Target not created
Build target 'Target 1'
compiling Lcd.c...
..\Source\Lcd\Lcd.c(894): error:  #20: identifier "u12" is undefined
Target not created
Build target 'Target 1'
compiling Lcd.c...
linking...
Program Size: Code=12444 RO-data=8264 RW-data=172 ZI-data=4412  
FromELF: creating hex file...
".\Obj\test.axf" - 0 Error(s), 0 Warning(s).
Build target 'Target 1'
compiling Lcd.c...
..\Source\Lcd\Lcd.c(894): error:  #147-D: declaration is incompatible with "void LCD_DrawRectangle(u8, u16, u8, u16, u8)" (declared at line 176 of "..\Source\Lcd\LCD.h")
Target not created
Build target 'Target 1'
compiling Lcd.c...
..\Source\Lcd\Lcd.c(894): error:  #147-D: declaration is incompatible with "void LCD_DrawRectangle(u8, u16, u8, u16, u8)" (declared at line 176 of "..\Source\Lcd\LCD.h")
Target not created
Build target 'Target 1'
compiling main.c...
compiling Lcd.c...
compiling LCD_touch.C...
compiling recognize.c...
..\Source\User\recognize.c(176): warning:  #940-D: missing return statement at end of non-void function "delayms"
..\Source\User\recognize.c(303): warning:  #177-D: variable "time" was declared but never referenced
compiling RecognizeCode.c...
..\Source\User\RecognizeCode.c(55): warning:  #177-D: variable "yPos" was declared but never referenced
..\Source\User\RecognizeCode.c(55): warning:  #177-D: variable "temp" was declared but never referenced
linking...
Program Size: Code=12444 RO-data=8264 RW-data=172 ZI-data=4412  
FromELF: creating hex file...
".\Obj\test.axf" - 0 Error(s), 4 Warning(s).
Build target 'Target 1'
compiling Lcd.c...
linking...
Program Size: Code=12444 RO-data=8264 RW-data=172 ZI-data=4412  
FromELF: creating hex file...
".\Obj\test.axf" - 0 Error(s), 0 Warning(s).
Build target 'Target 1'
compiling main.c...
compiling Lcd.c...
compiling LCD_touch.C...
compiling recognize.c...
..\Source\User\recognize.c(176): warning:  #940-D: missing return statement at end of non-void function "delayms"
..\Source\User\recognize.c(303): warning:  #177-D: variable "time" was declared but never referenced
compiling RecognizeCode.c...
..\Source\User\RecognizeCode.c(55): warning:  #177-D: variable "yPos" was declared but never referenced
..\Source\User\RecognizeCode.c(55): warning:  #177-D: variable "temp" was declared but never referenced
linking...
Program Size: Code=12444 RO-data=8264 RW-data=172 ZI-data=4412  
FromELF: creating hex file...
".\Obj\test.axf" - 0 Error(s), 4 Warning(s).
Build target 'Target 1'
compiling Lcd.c...
compiling recognize.c...
..\Source\User\recognize.c(176): warning:  #940-D: missing return statement at end of non-void function "delayms"
..\Source\User\recognize.c(303): warning:  #177-D: variable "time" was declared but never referenced
linking...
Program Size: Code=12440 RO-data=8264 RW-data=172 ZI-data=4412  
FromELF: creating hex file...
".\Obj\test.axf" - 0 Error(s), 2 Warning(s).
Build target 'Target 1'
compiling recognize.c...
..\Source\User\recognize.c(176): warning:  #940-D: missing return statement at end of non-void function "delayms"
..\Source\User\recognize.c(303): warning:  #177-D: variable "time" was declared but never referenced
linking...
Program Size: Code=12440 RO-data=8264 RW-data=172 ZI-data=4412  
FromELF: creating hex file...
".\Obj\test.axf" - 0 Error(s), 2 Warning(s).
Build target 'Target 1'
compiling recognize.c...
..\Source\User\recognize.c(176): warning:  #940-D: missing return statement at end of non-void function "delayms"
..\Source\User\recognize.c(303): warning:  #177-D: variable "time" was declared but never referenced
linking...
Program Size: Code=12440 RO-data=8264 RW-data=172 ZI-data=4412  
FromELF: creating hex file...
".\Obj\test.axf" - 0 Error(s), 2 Warning(s).
Build target 'Target 1'
compiling recognize.c...
..\Source\User\recognize.c(176): warning:  #940-D: missing return statement at end of non-void function "delayms"
..\Source\User\recognize.c(303): warning:  #177-D: variable "time" was declared but never referenced
linking...
Program Size: Code=12440 RO-data=8264 RW-data=172 ZI-data=4412  
FromELF: creating hex file...
".\Obj\test.axf" - 0 Error(s), 2 Warning(s).
Build target 'Target 1'
compiling recognize.c...
..\Source\User\recognize.c(176): warning:  #940-D: missing return statement at end of non-void function "delayms"
..\Source\User\recognize.c(303): warning:  #177-D: variable "time" was declared but never referenced
linking...
Program Size: Code=12440 RO-data=8264 RW-data=172 ZI-data=4412  
FromELF: creating hex file...
".\Obj\test.axf" - 0 Error(s), 2 Warning(s).
Build target 'Target 1'
compiling recognize.c...
..\Source\User\recognize.c(176): warning:  #940-D: missing return statement at end of non-void function "delayms"
..\Source\User\recognize.c(303): warning:  #177-D: variable "time" was declared but never referenced
linking...
Program Size: Code=12440 RO-data=8264 RW-data=172 ZI-data=4412  
FromELF: creating hex file...
".\Obj\test.axf" - 0 Error(s), 2 Warning(s).
Build target 'Target 1'
compiling recognize.c...
..\Source\User\recognize.c(176): warning:  #940-D: missing return statement at end of non-void function "delayms"
..\Source\User\recognize.c(303): warning:  #177-D: variable "time" was declared but never referenced
linking...
Program Size: Code=12440 RO-data=8264 RW-data=172 ZI-data=4412  
FromELF: creating hex file...
".\Obj\test.axf" - 0 Error(s), 2 Warning(s).
Build target 'Target 1'
compiling recognize.c...
..\Source\User\recognize.c(176): warning:  #940-D: missing return statement at end of non-void function "delayms"
..\Source\User\recognize.c(303): warning:  #177-D: variable "time" was declared but never referenced
linking...
Program Size: Code=12440 RO-data=8264 RW-data=172 ZI-data=4412  
FromELF: creating hex file...
".\Obj\test.axf" - 0 Error(s), 2 Warning(s).
Build target 'Target 1'
compiling recognize.c...
..\Source\User\recognize.c(176): warning:  #940-D: missing return statement at end of non-void function "delayms"
..\Source\User\recognize.c(303): warning:  #177-D: variable "time" was declared but never referenced
linking...
Program Size: Code=12440 RO-data=8264 RW-data=172 ZI-data=4412  
FromELF: creating hex file...
".\Obj\test.axf" - 0 Error(s), 2 Warning(s).
Build target 'Target 1'
compiling recognize.c...
..\Source\User\recognize.c(176): warning:  #940-D: missing return statement at end of non-void function "delayms"
..\Source\User\recognize.c(303): warning:  #177-D: variable "time" was declared but never referenced
linking...
Program Size: Code=12440 RO-data=8264 RW-data=172 ZI-data=4412  
FromELF: creating hex file...
".\Obj\test.axf" - 0 Error(s), 2 Warning(s).
Build target 'Target 1'
compiling recognize.c...
..\Source\User\recognize.c(176): warning:  #940-D: missing return statement at end of non-void function "delayms"
..\Source\User\recognize.c(303): warning:  #177-D: variable "time" was declared but never referenced
linking...
Program Size: Code=12440 RO-data=8264 RW-data=172 ZI-data=4412  
FromELF: creating hex file...
".\Obj\test.axf" - 0 Error(s), 2 Warning(s).
compiling recognize.c...
..\Source\User\recognize.c(176): warning:  #940-D: missing return statement at end of non-void function "delayms"
..\Source\User\recognize.c(303): warning:  #177-D: variable "time" was declared but never referenced
..\Source\User\recognize.c - 0 Error(s), 2 Warning(s).
Build target 'Target 1'
linking...
Program Size: Code=12440 RO-data=8264 RW-data=172 ZI-data=4412  
FromELF: creating hex file...
".\Obj\test.axf" - 0 Error(s), 0 Warning(s).
Build target 'Target 1'
compiling recognize.c...
..\Source\User\recognize.c(176): warning:  #940-D: missing return statement at end of non-void function "delayms"
..\Source\User\recognize.c(303): warning:  #177-D: variable "time" was declared but never referenced
linking...
Program Size: Code=12440 RO-data=8264 RW-data=172 ZI-data=4412  
FromELF: creating hex file...
".\Obj\test.axf" - 0 Error(s), 2 Warning(s).
Build target 'Target 1'
compiling recognize.c...
..\Source\User\recognize.c(176): warning:  #940-D: missing return statement at end of non-void function "delayms"
..\Source\User\recognize.c(303): warning:  #177-D: variable "time" was declared but never referenced
linking...
Program Size: Code=12440 RO-data=8264 RW-data=172 ZI-data=4412  
FromELF: creating hex file...
".\Obj\test.axf" - 0 Error(s), 2 Warning(s).
Build target 'Target 1'
compiling recognize.c...
..\Source\User\recognize.c(176): warning:  #940-D: missing return statement at end of non-void function "delayms"
..\Source\User\recognize.c(303): warning:  #177-D: variable "time" was declared but never referenced
linking...
Program Size: Code=12440 RO-data=8264 RW-data=172 ZI-data=4412  
FromELF: creating hex file...
".\Obj\test.axf" - 0 Error(s), 2 Warning(s).
